3 54 102 292
3 226 195 153
2 125 104
3 74 190 77
3 275 91 154
3 212 48 186
3 162 140 194
3 127 25 100
2 114 149
3 103 232 126
2 63 223
3 105 61 192
3 88 14 135
3 167 277 155
3 171 70 280
4 41 44 138 211
4 276 128 268 143
3 79 6 251
3 150 298 262
3 87 225 16
3 8 27 176
3 96 147 120
3 60 254 1
5 58 267 166 287 165
3 216 295 252
3 156 23 30
2 243 255
3 80 119 9
3 227 158 49
3 294 56 205
3 170 118 229
3 134 82 94
2 281 272
2 271 297
3 95 157 233
3 290 230 289
3 19 26 145
3 137 160 178
3 144 42 132
2 258 240
5 136 28 222 5 52
3 218 131 278
2 15 59
3 246 201 231
2 111 208
2 113 67
3 72 24 181
1 242
3 184 129 35
3 13 236 257
3 164 299 12
2 121 20
2 185 228
4 161 263 83 169
3 203 202 250
4 245 172 191 151
3 146 139 183
3 249 207 215
2 285 288
4 273 237 291 175
5 210 40 86 93 2
3 284 81 130
3 85 193 196
4 39 76 199 270
3 213 3 31
3 0 50 71
3 259 197 51
3 75 38 256
4 99 217 124 17
2 244 206
3 21 269 279
2 18 106
3 4 187 219
3 224 64 78
3 214 235 115
3 282 22 55
2 200 43
4 174 122 248 46
3 57 283 173
3 180 286 265
3 204 90 84
3 148 73 189
2 7 112
4 159 209 45 66
3 168 241 266
2 68 238
2 92 98
2 198 293
2 10 274
3 260 177 47
3 116 101 247
4 110 188 109 69
2 11 264
2 133 141
3 296 89 37
4 220 29 253 123
4 34 261 163 97
3 62 239 142
2 107 152
4 108 32 117 182

