28 1543 4066 8055 3092 3875 5347 2787 5674 5701 4344 8851 6391 9508 4851 4584 1289 5196 5736 2155 4589 8240 3041 9646 2880 4332 811 136 3969
2 1208 8824
34 2774 2523 9586 3842 6438 1557 6648 896 2661 1109 3203 7907 5070 3905 2151 7368 5548 414 213 9327 814 1890 8754 4737 9603 2647 4545 4061 1698 6045 9711 3836 7011 4145
36 622 5027 5358 4624 2216 7710 1079 4713 178 6579 7805 8075 8945 6437 7381 7502 5472 8126 8569 9629 4360 9386 8002 5396 6284 8639 3302 5560 8454 1202 8238 9446 3172 7906 8201 5606
32 5717 6740 5282 8991 8128 5453 3215 2386 2924 6962 599 415 9302 5385 1519 6504 4681 6528 6827 3401 6820 3301 3581 2188 7850 7705 763 8232 2073 4018 5046 8870
2 9044 1140
3 2015 1246 2709
3 1778 3709 8895
3 311 8968 923
36 9514 1794 5034 8574 4980 6550 3325 6719 5803 3981 5619 2179 2040 4114 4487 7807 8067 2084 6777 3353 2012 7897 3668 1205 2891 2562 4596 8499 4743 1895 2908 4424 5057 5931 7157 5571
27 4839 6662 109 2422 5996 5285 1628 7579 2207 9962 4636 6548 537 7046 9218 2433 162 1704 5153 8723 2853 2629 5806 4354 6147 5683 8726
36 5693 113 8021 332 5156 6182 552 7041 403 1081 2395 1309 6925 9141 1264 2614 151 1783 22 7646 6174 1373 7656 983 8050 2750 9715 2574 5246 1231 8503 5937 8396 6931 7527 5723
28 6831 2313 7512 8573 7236 780 9613 9273 1062 9833 524 9299 8755 2231 2632 5221 2772 8944 1174 7526 3598 36 8145 1728 3273 3533 690 3588
34 5335 9523 7140 8425 9974 4575 5507 6186 4658 6814 5043 7118 244 382 7924 3977 9783 3447 2863 8863 2358 6675 5863 5468 2553 3440 407 51 1379 2795 9147 4996 3042 9765
2 5332 1555
38 8731 6269 6199 5060 5006 9805 9640 2338 6305 5830 5951 3675 396 9844 6915 8186 7006 6888 2205 7781 970 3613 8813 6372 1329 8558 7625 8577 2514 4610 9427 1641 2113 9850 5798 7537 9721 548
2 7347 1000
4 6745 6744 2177 446
32 3090 8559 3276 945 9965 9045 8554 3319 6825 7933 9440 4498 7770 6571 7483 7062 676 6337 5993 5315 6553 4095 460 5115 1938 4728 2961 3863 4350 8690 836 1038
2 7325 3207
27 3471 7156 2106 1177 1186 8367 2930 8737 4213 8610 9644 1123 6868 3635 2816 5416 5231 9857 5609 8685 7959 7052 5978 1454 1892 3514 9172
1 1159
27 9864 1949 5374 1160 2907 6519 5999 4543 4279 4549 2190 914 7605 9674 6791 8660 8358 3678 3941 3950 5685 911 8404 8959 2322 795 3478
32 2735 4984 457 6012 4291 5751 6270 8695 1768 3624 2468 938 6816 4067 8656 6414 6906 2712 4945 5194 5488 62 1091 725 9069 6011 6702 4769 1636 1213 3679 1542
32 1097 3025 3640 5295 5054 9832 7162 1846 3867 4853 2248 1791 7178 7132 3212 9056 2700 7723 333 5490 8732 205 6354 4864 3744 9007 9340 2815 4339 5531 2441 2225
2 9954 1284
35 1305 1993 902 7406 5920 3022 4024 7682 9075 5899 8645 9611 9881 8502 4856 4486 7237 8169 1383 8763 6854 7969 8436 2158 3151 2761 1520 4108 5283 5162 341 4697 7722 3791 9834
3 4679 1023 5886
3 5562 23 1015
2 7284 5059
27 6150 8786 7867 8772 6119 9068 9948 3373 2966 3496 6566 1501 3222 6565 4560 2733 3374 8478 8756 3175 9961 5024 3417 6968 8311 8001 8122
28 3988 6502 3334 9702 645 7344 6902 3499 5933 3570 2631 4770 4032 7798 3000 4971 287 9125 3998 3040 2870 7079 5204 26 6817 6016 3286 7356
29 8962 6780 2079 2975 4502 935 4953 7278 2652 7769 2173 1368 1688 1387 4590 385 4565 8526 9518 1829 6835 2120 8655 2069 6769 1085 4 831 3618
2 2212 9803
2 8306 7600
35 3371 9698 699 6455 435 4028 1910 6009 9392 8288 5959 1840 8688 6821 6353 3625 4902 4739 6758 6667 7725 4923 5947 7774 2918 8467 3604 2353 8380 4305 7996 1350 5398 5538 3569
31 9216 190 5856 7372 4285 4657 1693 4541 9570 3746 4397 2397 4667 9240 754 8177 4190 859 7331 6945 6431 9535 6278 5965 4192 5127 5439 9454 5494 3687 5669
31 1269 8449 5636 1986 3680 6101 6989 1168 1458 4858 9268 9155 7620 9358 4978 7340 6798 6347 9825 5832 5542 1957 6934 3996 49 9984 2767 8948 4614 465 5672
31 3442 3527 3160 8328 6942 9795 7883 146 5724 9900 8542 8687 987 6243 4582 1235 4840 7917 6938 5038 6524 3063 4542 1903 7269 411 7057 8078 1254 7783 9796
2 3936 2620
29 9563 7064 7319 3263 9757 3026 4659 3958 8597 5622 3623 8486 1104 6426 1199 517 8153 1351 8930 2222 3935 7607 363 5098 1683 4308 6065 3848 247
2 2176 4557
2 8967 218
32 2917 6115 8792 7557 9464 7203 9846 6283 3896 1476 7843 2621 3501 9941 5529 5552 801 6478 7160 2459 4822 7970 2083 8180 2925 8696 8861 9792 1826 8008 3975 224
32 7463 6695 1384 874 7574 3739 7882 7558 2969 2043 2846 7998 5559 7077 1050 4663 7179 1611 727 451 8221 5781 1575 6343 4180 7878 4759 2138 2286 6789 6761 7223
2 1817 6644
32 2695 2324 6004 8915 3058 507 7912 4503 3904 5567 4159 2909 5373 8741 2634 9162 9111 6267 743 3567 3730 9041 1744 4896 6598 1669 6606 1191 3712 818 9176 2530
30 4758 3990 4935 7249 4830 9751 1346 9809 9272 1048 5709 5188 6775 3377 7498 3391 1502 4831 1591 6980 9982 9468 4680 630 6545 869 5354 2070 8411 7252
2 7948 9910
2 306 8994
4 1563 8553 229 1150
35 6901 9402 3024 4154 4050 665 2570 3701 3802 3326 4398 9288 3466 7857 8551 6488 4443 1145 5986 4597 3213 2030 3385 654 3479 6017 9008 1739 2625 9922 6991 4691 4364 8120 2276
38 7928 3149 9166 4414 661 9078 5777 6749 8989 832 9617 1453 2543 2875 1069 9167 9754 9355 8779 7273 4974 5595 5987 7 6586 573 3882 3452 8205 937 9781 6944 7424 7311 8980 406 6919 9916
2 7013 6753
6 3614 2486 7519 3069 5631 6494
39 5086 9820 7704 6164 6473 266 9118 8037 6784 2667 3648 6865 4784 6987 2874 7525 7392 9213 8811 4323 6863 3982 7848 4187 5585 9342 8287 8985 87 9036 9606 4994 4399 913 900 1581 7241 3688 2936
30 4788 8739 4815 1777 8110 1886 4326 1644 5835 2842 7749 4096 3907 3141 2960 999 2364 1283 6691 5795 9995 2824 6100 5236 8998 3492 2152 7943 6350 5244
1 5982
30 2589 6200 854 2937 8652 4195 40 4062 8871 2281 5670 6920 7262 1394 3674 1296 1477 5706 4025 6935 2446 3683 555 3576 5148 5749 9878 4160 9970 5586
32 6541 9347 9087 1010 4246 210 354 7276 120 3657 2547 777 5041 736 9767 3573 77 7076 5367 2685 2047 4118 9293 1360 1703 8046 6281 8636 6958 9507 5848 5404
34 677 7499 3333 7585 7102 1634 6580 7746 9964 8510 9379 8987 3065 7819 7842 1057 3920 6637 1678 5355 2201 7027 4670 7544 1380 791 901 5659 8607 431 9717 1939 3857 2818
27 1194 5377 4409 5628 3122 3829 9192 7296 8649 5992 991 1629 6126 2971 9565 9455 3357 642 8880 4375 7307 131 6876 8249 7123 9567 1300
37 4008 5598 4873 2838 2147 7172 9164 8042 5601 9678 4966 4356 2360 5356 523 1639 6839 4533 9225 473 3756 8165 3538 8318 6497 8927 158 5528 1526 2968 3287 8790 3931 1014 8322 6384 4955
31 8518 4143 726 2455 7580 1500 3906 7692 1487 3393 883 4773 6857 6406 7879 4710 8689 9866 6588 5427 4381 9099 2517 9309 8222 7611 2013 4905 5753 8463 6477
2 7779 4646
2 5480 8000
2 8670 2939
34 7799 2738 8277 5541 6058 2982 9037 1537 1942 6067 3584 3505 8547 8764 4219 8833 6833 1921 5258 3704 5614 2701 3587 5989 2249 4466 323 7264 2211 3923 7818 2277 3611 3289
35 606 5971 1630 5510 1970 2261 7034 2178 6698 1110 7604 8296 4353 7222 3772 9023 6908 5117 4280 6684 9122 4889 2317 6310 1806 7421 6448 5634 7977 2253 3522 6335 1001 20 8556
32 6424 5808 6304 3830 7874 6563 7847 1441 3345 4879 4895 9054 1461 5247 8748 8593 6442 8381 2494 2555 2493 5826 9791 1153 6440 7589 8130 7343 7968 9977 3043 4538
3 5137 1529 7632
32 3869 3444 7864 6329 8978 3632 5303 4035 9262 9645 8780 3782 5092 134 6308 2279 195 3361 4524 3164 9066 8769 5030 644 7083 2458 7717 8216 207 3860 5232 6792
39 1866 7287 6924 530 8351 989 5477 7382 5187 7785 300 3839 9028 7516 2901 6443 3282 4682 7326 5565 7018 449 3873 250 9616 7449 2239 1405 6577 3096 5791 850 8797 3422 7702 7112 5854 5390 3825
2 2384 492
3 563 1844 3111
2 7716 3341
32 1209 7709 4706 8203 428 1723 7494 1474 4371 4828 8533 5101 4921 1396 6982 386 5956 6204 974 1671 2381 4755 8677 8658 8333 3275 6496 6950 3184 2492 5470 2487
2 9763 5573
32 5934 477 1251 1221 6645 9341 9062 8956 9623 8051 9785 8400 4964 3392 5357 1486 4740 2267 8966 2387 237 7845 4627 3189 6341 6010 4142 5077 6676 8235 9673 4865
2 3654 2887
34 4214 4583 1984 2143 6536 9557 2000 8876 64 9357 1779 3157 7407 5305 4055 1317 7164 1567 5360 6175 6385 2149 3956 6918 988 336 9203 5459 7395 8195 5485 8674 13 6099
2 4070 6090
37 84 769 6418 8699 9316 1640 290 6739 2323 7901 3290 691 7715 4031 7794 1271 9001 2078 8705 4121 3776 3332 2567 7584 5726 7981 1321 932 6358 197 371 2321 9215 8327 8884 4338 6127
2 5371 9723
34 9313 9649 8979 5748 8338 8521 6634 4940 292 6618 1325 2290 8562 8550 3645 5364 6655 9237 1566 5640 1017 2655 1780 167 2962 4509 410 4116 1301 6943 6664 2540 5029 7036
37 303 7640 9733 4537 1869 7243 1252 7211 9375 5837 4227 9566 8401 280 3127 4711 4264 3470 5216 3495 3142 6014 4039 160 3834 1032 1766 8066 7481 1028 4766 2165 3126 3665 3690 3064 5173
35 7956 4618 1353 4387 965 4207 1272 611 3082 4366 7169 6163 8058 9074 7542 7305 3079 6810 880 4746 6286 1990 3300 1971 1440 5028 4577 9013 9676 9797 2623 8211 8083 1304 8850
30 6663 4536 8376 277 9815 6498 1647 4007 8951 2802 546 1943 6344 7830 8237 4073 9583 5175 748 8922 5765 9040 2533 3431 648 5845 729 6300 7436 5504
33 5161 1438 7357 1121 7666 3554 7434 3057 7548 2473 5861 4800 9482 3372 6641 3846 4473 4429 7788 5420 9522 9337 426 5671 891 9898 9568 9296 2145 7310 2238 784 181
3 6252 6610 3861
27 8840 8459 5307 4450 425 6905 4564 9968 6389 8872 3011 5512 7461 5007 7201 3801 7003 7105 4306 123 4294 2354 5839 9061 9637 4140 1064
31 7911 7129 6068 4080 2132 5495 1369 2602 6331 6179 7726 9838 7004 37 4217 806 4464 9835 5793 7728 2028 3089 2579 8269 1258 308 9668 9371 4563 2922 4220
37 4309 55 6656 6110 9666 3541 69 5668 4587 7840 6313 1436 9516 1045 6727 4221 5651 3045 5862 4335 2688 1856 2676 6095 9149 6383 38 5613 4283 2888 2879 3871 1514 6294 9545 170 4268
28 1833 6135 9595 5887 5756 4652 4764 8938 4415 4405 1282 4312 3016 7094 2584 6510 8461 3467 4271 6992 8751 191 5612 58 6631 8363 2876 4592
33 7429 3692 8020 493 57 5351 1667 6638 85 8804 1862 7576 1259 9238 1012 9741 5958 3 2396 547 1740 5655 3813 4915 3736 9404 4534 6193 3001 9552 1086 9146 616
33 7965 6456 3104 284 4869 9130 4017 115 8585 1787 9790 3753 6171 2129 1072 7417 7124 4478 6079 7887 4425 7514 5454 8894 1927 5084 9210 2786 9241 5865 5179 9354 3380
37 5300 3049 9544 3068 3411 9769 830 9116 6705 2033 4099 2505 294 5452 1197 2958 7967 8627 8212 6799 2506 103 1342 9594 5336 3318 1089 5286 8053 5750 673 1278 4267 4723 3107 5790 1878
36 9305 741 1024 3510 2537 9511 2409 5263 704 2377 7466 5001 8109 2829 2479 1656 4688 1988 7286 545 7871 8676 7961 4650 4963 6599 4131 8626 3922 5667 6177 5461 1841 5408 7375 4243
30 672 9979 1170 5500 6450 4482 1430 39 7037 6708 11 112 3351 8129 3331 8336 5906 2895 1036 721 2363 4721 3100 4416 5463 4126 8138 6978 7053 5758
33 29 6139 8426 8835 1908 1460 9949 607 6491 5632 3044 1774 1980 3115 2390 2075 5155 2844 5035 8052 6549 9115 6732 9905 6760 4413 7669 4977 7303 8838 5857 2055 8131
2 3760 3367
2 5441 8345
2 203 4941
28 5343 6239 6409 2442 8445 2852 5193 5550 2107 2373 5486 4407 7101 1750 9801 2303 1916 4576 7084 4926 5290 2827 8589 1858 9461 9937 1204 3723
35 7401 6767 5572 2566 1233 9634 8768 6024 7916 9265 4699 3974 833 8148 8134 4248 3948 8692 4625 5166 4165 2389 1243 9310 6084 6037 4633 7617 3971 5596 7136 8519 6750 4091 8054
2 7575 820
32 4094 5341 7435 6851 2649 7686 8615 7263 7811 4532 9319 7266 9150 5767 9278 2016 305 9119 3815 8744 9551 4253 960 5784 6731 2318 8684 955 3303 8923 1322 2509
2 8773 6686
37 8520 3575 8629 9813 1223 6430 1365 2076 4497 3247 4163 9859 1924 4266 8428 7566 639 405 4237 1999 1125 4512 227 1606 2081 9618 5873 1157 9502 1788 8398 2252 8724 4242 5896 5280 7115
3 3578 7122 89
29 3693 8848 9030 9562 9450 753 7479 4331 6279 9652 1748 4087 1308 5704 8250 5728 2294 941 1370 5905 634 3187 3330 1825 5322 3113 455 9827 1006
3 4829 2541 3638
3 2297 7909 8048
2 476 6600
33 9901 2536 9267 3200 2967 6538 8504 1263 1494 1211 7197 2467 5708 3443 8383 3123 9428 2611 5052 2282 9959 2832 1162 848 2779 4287 2830 2946 8488 2679 9669 2032 5020
32 3580 3540 4200 2681 7637 4107 895 1587 5838 560 5844 1589 5907 4453 6921 2595 2994 6231 3961 5522 9688 9895 9662 6661 834 9389 6291 9493 8372 2608 9374 6870
34 8708 2278 9052 2711 1955 3108 9735 4403 4119 8485 1896 2568 15 6059 274 6629 7507 2950 2068 104 1853 347 4719 931 5546 4814 9875 6770 7978 2131 7649 1472 295 3880
2 7804 7773
26 6913 1697 199 2992 7662 1721 9980 544 1891 5815 7999 7718 2274 450 5945 2890 3980 5928 8919 2259 6273 7748 8897 6258 3480 8949
36 4525 9090 8370 9944 2605 9654 5783 2059 6280 6956 2362 6098 5451 1692 1598 536 3967 8460 4489 7007 8628 7853 3707 6219 2010 8852 7121 468 2144 2865 4303 2491 9811 7758 3402 1948
32 1992 9411 5727 7082 9559 318 1977 9710 7636 444 9912 30 2366 1907 5124 5384 1782 2739 5530 9261 3943 3456 5327 299 6209 4315 9486 5413 9745 5198 638 9536
34 2571 5860 2296 2928 6327 164 5135 7665 1443 4278 8801 8843 4378 678 6939 7529 4912 5577 2892 253 217 8531 2471 6646 2168 2995 9279 3460 221 7202 7154 7565 5877 8622
39 5970 8420 1651 206 7465 2305 4376 8796 8955 2105 6213 9234 8782 8300 3765 6223 724 2501 732 4259 6061 1136 3237 7797 7855 5333 3706 7596 4783 8408 7426 8456 1812 6844 7509 7183 756 4510 4716
2 9251 3560
33 1335 2327 4084 8464 4245 751 5853 3098 353 7503 458 2931 2580 1320 4947 7063 9946 9323 3525 346 9343 971 522 3745 8971 2554 3080 3378 7896 9560 1306 3279 2163
33 474 3103 3546 3208 8274 1260 9002 4645 8595 1412 3843 4117 5998 6134 9479 4660 3913 3266 9957 7541 9312 2796 8474 9352 7225 9762 3698 6005 1129 1898 6840 5682 5108
3 8711 4588 7432
2 9349 7025
31 297 1406 6168 8157 6413 2686 6034 5766 7777 7941 8257 377 2264 5268 6513 4567 4423 5963 322 3306 8733 1675 5924 9339 2823 5846 2196 5159 9918 9700 7467
3 6879 5478 1087
34 9752 541 1838 1852 9320 3991 3602 7567 1729 2077 823 907 2640 106 7764 163 3338 800 4979 5274 1719 9233 6928 8399 5401 6049 4239 6153 8849 316 4735 325 8527 8414
24 7379 313 5684 2910 5764 2437 6574 7016 2197 803 9435 1616 6852 8005 3954 6954 1049 6334 7008 12 4522 148 5889 3985
33 6815 5402 5359 2782 2856 2245 3116 3468 990 7569 9639 5208 338 6682 9366 4874 6116 5257 5277 6233 4488 8514 7170 1279 9771 5130 669 4778 5476 1207 8185 5415 7058
31 3008 739 6053 9487 497 6703 9180 5170 369 2314 8413 893 5210 9333 3893 8817 5722 370 7974 7560 968 1375 5918 2469 3481 3978 5836 9596 3264 4210 8215
24 8758 9636 9018 572 2434 9035 4384 7555 5941 8511 2057 5083 7024 9630 3293 1538 3881 5331 8964 289 262 418 9726 1088
33 3167 6900 2436 4848 419 951 4656 102 3970 9195 1098 397 3710 319 2417 2037 3473 2644 7653 8680 2242 8778 9932 2569 9413 7204 8441 4968 9095 8308 2289 3589 1699
35 6783 4495 4208 4184 1518 9524 4481 9546 2665 4477 6460 342 7727 3340 5464 3009 1357 6707 8387 7012 2085 7060 9892 625 5013 8818 6468 1128 3681 8279 6080 79 8178 144 9430
36 1066 519 9799 1447 2742 9830 7312 9871 3047 4806 8530 5428 7135 2128 2921 5462 6963 8988 7091 8516 7217 4768 4571 7721 9188 9695 3711 8875 747 8365 9465 56 2610 926 9915 2169
2 7444 3491
32 423 9463 730 8816 1201 6141 942 8118 5366 6173 8864 2402 1071 1402 6609 453 6556 4578 28 8528 1262 1811 3448 1185 480 8522 6941 9749 5688 796 5900 557
3 3202 4390 7182
2 1135 8727
33 5497 24 5218 5393 8832 4153 8856 9182 2741 5409 4872 8505 387 6722 1747 6043 2109 1770 6289 5696 4917 5363 5618 6679 1184 2005 9439 8152 8 8265 7131 3347 6479
3 9449 9186 7522
3 7913 3729 4949
5 3147 2346 9921 6470 9476
35 768 2123 6804 1276 5663 1797 6512 853 1985 1700 7822 9823 3761 275 4002 5023 2861 4459 1340 2256 139 9275 5119 8117 4216 9016 4229 9772 3914 4226 7478 5434 4695 7688 9532
31 2465 8271 9128 3368 8285 3783 8831 7386 7595 1859 1710 1531 9934 5154 7149 242 7886 9250 7598 6738 8498 8417 5053 3771 307 2886 1479 5661 8424 4157 1410
2 9925 8330
37 713 1492 2293 482 9549 4957 1884 4485 159 9458 8062 2906 1820 4282 3308 4654 9110 4547 8325 5271 7875 1996 116 2255 5266 7473 2743 8802 5703 532 8162 4531 5055 5458 8941 710 5370
35 9140 3697 2899 1995 1997 6856 5539 7663 8785 4552 6882 4989 6898 4330 612 9706 3078 8415 8883 4881 4004 4341 3884 3933 4254 6419 5095 562 3819 4918 5047 3255 4277 6191 9380
33 8342 4781 5746 5089 8382 9382 6352 1627 6729 1553 9928 5405 8659 8926 5692 924 7570 1065 260 4276 6948 3136 1919 9365 5079 8132 4458 1334 4367 1570 6323 590 1923
35 6198 554 400 8309 1655 656 6927 6639 4256 74 4714 3314 862 5040 1861 5062 3406 2996 3628 7047 1851 334 7168 3427 6796 9808 5869 4041 8683 3369 5362 9220 2839 4158 3346
36 1560 4098 9852 209 2896 1465 7208 617 9475 2044 772 147 9950 7167 2622 4916 4821 5005 6733 4368 8076 3013 7752 7738 2489 6388 2202 8734 5657 5252 602 8888 4901 1758 391 9117
32 3307 219 8736 5710 5554 1904 1 5267 2653 7216 3952 3691 3394 6203 6240 7626 9029 4942 4176 5759 7022 7765 5884 1881 246 5251 623 7297 7954 4683 5988 9227
35 2008 5237 9255 3066 7690 7922 8259 2119 8560 9812 2885 1348 9208 7900 9221 2535 5872 9224 7321 7583 786 3577 9591 8305 5114 2001 3423 2704 5960 1092 2423 86 2221 2310 8113
30 4586 2006 8224 2056 2952 2900 1352 9364 8018 1643 7361 1203 3924 2769 7793 6176 2560 3960 752 2331 1574 6351 8592 5555 6195 4463 4972 6349 1426 5501
2 4011 2445
37 9325 9207 1609 9691 9602 41 4920 3445 1913 66 9561 4355 2206 1393 2154 2504 4993 9863 9867 5645 2199 7480 3804 3937 6330 7317 5814 7803 746 1120 7035 8613 9387 9311 1261 3812 8301
32 8204 8104 9869 8637 8219 9345 2464 8030 1182 8220 2809 5219 2938 947 5314 433 6146 9967 2365 6860 9201 829 9491 9794 2258 8114 5272 5312 9909 2090 2848 8377
37 549 3667 2788 3947 135 956 9804 7253 9842 3513 8990 2095 8407 2766 3509 2082 4628 9136 1541 1743 1164 2965 7360 6660 9904 7443 9590 8423 6028 9659 6635 2457 9938 1082 9776 6997 7173
32 568 1512 2963 9469 168 9575 9064 169 7364 7411 6672 508 7691 6838 8820 3428 9351 1850 8010 1622 8496 8004 4640 664 7348 1662 5432 436 6051 4057 7742 9677
33 2869 1227 8209 2784 4910 8448 6764 8995 127 4756 8631 6677 3750 5073 9671 4388 8841 5217 5607 6314 4362 3131 2392 9145 4908 2628 1156 3652 5647 7017 6595 1510 5841
2 8227 6018
31 1664 1407 1593 9274 3426 5888 6293 9897 5824 7903 3173 8431 663 7454 3962 9725 7921 4849 9108 3171 1063 8011 4859 8904 3715 9169 4393 6158 6210 8480 7049
32 7399 8029 9768 7248 7737 7442 9477 8529 7642 7761 7829 9837 8603 5031 6713 8650 8576 6137 7832 7371 114 2672 5200 5118 7181 4132 3268 4418 9338 2993 8137 828
35 9003 9920 8040 4703 2934 2425 2181 3721 4034 9101 9222 9496 5076 3859 7659 6290 5042 4809 9384 4369 4517 5611 8887 9059 3517 5319 1413 8570 362 5407 2103 8879 8156 2814 5230
30 2247 7020 6410 6475 2651 6261 4123 9027 9077 8638 5289 8450 7823 9103 5016 3630 7377 8234 8776 3523 5186 9063 1161 7539 7251 2334 6959 9307 398 2134
38 700 4346 8698 4648 9543 9485 3885 5234 100 8403 91 4792 9408 6094 6582 5768 2438 683 1834 1753 1116 3299 7549 3700 4026 4847 2367 7328 8537 1397 2798 4401 3310 4927 5010 8337 1019 1569
31 3817 5304 6485 9191 8462 326 35 7438 9604 674 6121 1248 8798 8307 2246 4647 1964 4501 3639 4461 5383 8712 9178 9653 8142 9747 5855 9577 3110 4047 7404
30 9409 5615 3424 2539 6296 4733 1491 3051 8353 1864 286 2565 6864 6674 4168 3968 6452 4960 917 9807 6232 4422 228 2746 7358 4252 6019 8865 5265 1559
2 8192 7482
35 1138 1323 8548 8346 9628 6922 1863 4615 9165 2753 4270 5514 2612 2383 3039 6312 8242 9704 8567 7608 9017 3059 6759 2257 6224 3488 6986 3671 9 1966 9317 8770 1547 5629 4186
35 6607 8774 6255 3375 2577 92 4555 46 930 175 4623 6106 8918 4669 4651 1468 3714 1933 2522 7333 9802 4581 6050 373 861 3814 3486 5787 927 2855 5190 6853 1210 2271 9573
34 1005 3005 513 3512 1111 7759 8665 9132 1455 7984 7474 130 3498 9368 7148 2859 9917 2956 2299 6006 331 9235 7670 6773 1404 7694 755 9814 8877 3641 7001 4790 4553 6311
26 8290 2690 9657 3370 2781 4593 3439 2407 4787 1603 912 5786 4198 2834 1011 7674 3144 6869 4238 8837 9697 8384 7059 8199 9517 2897
3 3362 1626 6063
2 8088 2669
32 2061 7293 8435 9627 2783 6340 8191 4930 7643 4884 6800 1466 3174 67 9185 5313 682 2552 6077 5761 7304 3309 4922 7826 4392 9390 5269 3899 8226 9635 3741 6111
37 7929 8149 9137 3779 8133 9743 7232 9209 2385 8324 9263 711 2648 1188 4924 7750 3894 8027 9988 9727 510 1824 5456 591 8709 1749 1905 1877 7833 2046 7606 6998 5388 5044 906 6113 3120
2 9377 4476
32 7861 1724 2424 2748 4196 4875 5621 1046 9647 9822 9896 2607 4125 3077 9908 1590 125 4036 3004 7258 570 603 6487 2725 9692 8867 108 4197 4049 3984 6405 4662
33 3555 7114 4223 7792 6003 7085 9620 376 8176 4300 3434 4491 1532 1299 8481 5610 8539 184 963 9665 2752 8172 1096 8828 2391 9703 7073 2326 1972 4506 6087 2659 2627
2 9459 4325
37 3281 3236 1100 3129 655 1580 7380 5352 2673 7425 542 7422 4019 1810 2375 2345 1236 9774 4382 261 500 1025 7578 6841 3153 8604 2058 75 9953 5515 143 8090 5443 3965 5318 3125 8543
32 4379 6044 1372 1635 4661 839 3666 8034 992 9276 7191 2515 8266 365 4685 2042 2923 3152 495 6830 7240 925 8781 5691 3600 5075 5521 6355 6151 2773 1003 8217
2 2718 766
30 4377 7040 7186 1625 7430 8614 8795 2217 6133 3622 9248 3754 8746 8743 8767 2159 6785 6008 5525 9597 6666 2038 9755 3206 345 2822 9787 5653 321 8808
32 8703 6654 8892 8434 9254 6425 7698 330 531 5660 1937 8500 2086 395 3474 6165 434 6130 8438 1068 6636 1444 5633 3048 3407 9391 3835 6373 4310 269 4122 8332
36 4742 5424 567 5698 697 4665 8536 2916 9610 5690 3940 5009 6746 463 857 7866 6375 5389 6326 1649 8068 7419 6709 3823 9204 2699 2872 1691 5145 6535 2182 3734 4672 750 2836 2337
29 4435 1113 2511 6265 5711 208 708 5014 2115 1584 8826 1255 7701 2175 4539 4694 4529 8954 4954 4030 5643 764 8451 9467 5718 5874 9396 8374 4054
34 9581 1784 4255 6128 2470 9429 7256 4958 6971 4441 1338 6885 7987 793 6743 3847 8591 6858 7735 3660 4870 94 1388 8469 6624 7559 7054 6700 2905 2697 7719 8898 5944 8740
2 3358 8730
2 9504 5226
32 5440 489 2942 3976 2780 6029 6474 7492 1496 6399 2270 7339 7592 6140 3210 283 153 8258 1485 875 2226 44 2066 8714 5752 2490 3886 2064 2287 393 5666 805
5 1002 6515 4181 1961 3032
33 7891 7373 6454 6402 5082 7315 2477 7817 9724 5519 6235 9378 9113 5292 731 7292 4801 1618 3897 7447 7868 2101 8457 5015 9094 7469 204 2671 6979 6093 3535 8087 2544
34 957 2026 3403 9696 7554 8093 9190 6652 3194 2654 7562 5105 6253 3463 4843 9321 4265 6469 2785 4674 7155 5270 6328 1807 7979 6071 7336 3932 2460 5435 5623 6955 298 1659
3 1178 233 8253
28 9675 1883 6123 9306 6202 5732 6526 9127 5713 4724 7048 1330 808 1464 6167 7143 4898 4155 4370 2029 2195 9973 3548 2098 6035 1007 7577 6453
2 4411 2951
2 3539 9569
2 364 5513
2 4717 9824
29 1757 61 8073 3833 9681 5287 6247 3685 6211 3121 1720 2325 1307 7551 6990 6162 7925 5110 9093 1155 9437 4402 5048 491 8320 1084 1865 424 8276
34 4058 1860 9401 7648 2518 849 559 6132 7301 8214 8159 6681 3269 6953 2990 7531 3551 1672 4765 6790 4081 5843 2002 8924 3084 5399 3274 1619 7814 9876 3543 8044 994 8921
37 5018 9291 7553 6951 4225 4705 3112 5433 3784 9731 3133 485 9632 2393 959 9433 7021 1345 9183 4632 8060 420 2728 4827 2778 7639 9271 4757 4791 3128 2914 4445 7219 4446 5547 7641 7093
3 4048 7990 6665
32 789 9011 119 6771 982 6537 1509 6062 5879 4634 8416 9300 6157 3959 5309 7582 1493 8583 1906 226 5392 1571 5641 7213 7681 7676 7087 8717 3015 4897 3284 8535
2 7227 4818
2 8890 6517
2 2418 5067
23 7109 4836 881 254 6416 7065 6462 2719 2903 5904 7294 1151 8388 9308 4037 7756 1107 4998 5395 4203 9277 5840 9764
36 4842 817 5954 5602 1175 8609 5952 2072 7873 2192 7120 3070 7755 9085 90 8976 1857 841 3483 9730 2708 7890 7247 5275 6395 8794 4797 1437 7423 7051 3023 1958 4490 8453 8582 1929
31 1888 3249 3849 1804 3199 1684 1106 8671 8228 4798 7066 4638 3851 9849 6181 5864 4359 2756 5568 1253 3659 1925 416 5037 6701 7192 6464 9123 4911 7111 3620
33 8102 1090 4794 4673 3938 4938 6886 1181 9070 3465 9624 2229 7587 3449 4092 3455 1224 4526 503 681 4999 2723 3348 8635 3464 8275 4570 7985 3093 980 472 4725 8154
31 6822 9670 2512 5771 498 378 2919 1745 8263 3305 4211 8901 7341 4357 3992 3150 7352 8829 5925 7254 2801 6964 5927 5276 4434 1149 6621 4600 6576 1093 9638
2 9927 5891
2 2573 3246
2 6039 5071
32 8950 7329 2495 640 6338 9712 4639 6374 2884 8827 1004 2241 2319 9006 5911 7260 6025 855 8439 8810 3955 6623 5755 2475 9942 5410 2985 7618 5431 3591 3586 3571
31 4687 3579 7116 6206 6420 9042 9497 1245 2045 2558 2156 4104 6605 1029 909 5167 9661 2757 7238 1505 3806 4110 4671 1540 4760 9448 2454 78 8123 5273 1359
1 9287
33 6466 3311 2074 4666 6398 9410 6570 2797 4347 2011 6345 4456 8007 9534 6042 3352 3195 5796 2980 4334 3355 2617 1103 9978 6489 8364 3995 4077 2764 2940 1290 6603 2516
1 5903
2 3608 7206
30 1515 6649 1013 1524 3605 4602 4914 1294 177 374 8869 7633 6120 6696 6085 7743 1926 8969 9958 1167 6531 1572 5740 99 9067 8908 9885 1115 2096 8618
32 4948 9495 2881 5511 9738 9289 3119 516 215 202 1967 527 3902 6396 9175 3878 1124 5128 3713 903 8315 7644 3876 5129 5131 1419 6534 7863 8043 3719 794 3528
1 4887
36 4475 7224 2904 9705 5620 3594 4205 8973 8981 4433 2272 6036 3672 9022 2153 1075 2017 6149 4631 3244 8651 8771 7185 5774 6227 2588 5822 7540 60 3260 7953 3035 1849 5825 5125 8874
2 1192 1344
29 4090 2166 4164 5829 6903 9135 8555 8378 5962 4834 2048 8293 692 8218 8108 4097 1696 5106 3725 2572 8256 4504 5096 7044 349 1408 5176 5551 737
1 4796
35 1273 1815 2714 9845 6000 2352 2180 5375 3169 3155 352 6103 6808 7205 3550 8621 9480 877 3446 8584 1711 9350 3649 765 1244 1070 5788 1490 3942 7416 6246 9936 7772 3892 9770
4 5649 1067 8139 3749
35 3030 9406 5487 4630 3083 8868 2754 7534 7532 461 3075 3231 2218 9292 1275 2340 9212 6734 7072 4001 1950 6632 3183 9332 2369 413 6401 1462 1234 4611 3335 762 7133 5697 142
3 719 872 2448
35 6706 3409 5112 1489 3188 7870 8747 9538 4786 2979 7837 6268 1198 2601 1800 8624 6774 9460 9416 9510 7388 8286 1648 9991 1928 5673 21 1952 7184 7026 9014 6434 2300 6650 1212
36 4078 2507 9473 4170 5214 9105 6742 2250 9457 2304 2984 5603 9370 1392 4014 6386 9490 6970 6486 7944 6038 7032 5149 551 8443 4609 466 7776 68 6411 4556 6302 2730 3858 1813 1020
32 7229 8586 5540 4202 3740 5913 3770 5457 2065 5123 1612 2713 7547 9955 6505 3832 9079 1690 478 7517 2803 2022 470 4444 8092 3872 7039 5414 1473 7881 9097 7795
3 8578 9346 9520
33 5245 9851 9744 4016 7994 7096 3418 6237 9612 52 9441 3454 1624 5233 1291 7313 1171 1650 632 4513 9034 2953 4707 9206 452 1665 6007 1403 4785 1312 9025 4311 1579
34 8640 7318 8262 7428 8198 3105 2497 4141 7092 9537 7730 9156 2220 1752 2513 6619 4562 4033 278 7505 6604 5349 4684 6299 3344 3769 2638 6303 5121 1868 5833 8900 579 7601
35 2356 8086 5948 9685 3989 1527 7602 8146 9951 1963 5650 8273 9684 8694 4776 7915 281 4734 8963 5442 8470 8074 173 5849 1053 3916 5483 4738 8812 129 3322 441 1663 6241 2251
32 5324 3245 7104 608 7255 6818 8059 1835 871 2702 6056 4499 8136 8064 7926 7106 7995 2378 5680 1238 9098 5337 4129 966 792 2550 9010 790 4296 759 8947 6467
37 9707 273 9626 1605 5744 9282 4720 1386 152 9065 2578 8094 5526 193 4293 8928 4111 3211 2837 6339 9091 8247 851 1717 954 1196 9728 1608 6508 4447 8704 8089 5591 770 1341 7161 9329
32 6381 1414 6747 5890 5205 1240 3220 475 6346 4913 9089 2104 4426 3999 1130 4988 6483 4289 4336 5111 6554 7089 5085 5797 5469 3106 7290 9383 5973 5592 8057 7472
34 4150 6884 8207 511 8348 6066 4247 1179 6909 9667 6451 6064 2268 3201 6187 7939 2414 50 5966 309 1621 7439 5648 9126 6194 5493 8663 4383 598 2224 4741 7289 5063 5543
36 5299 5381 7320 1588 3462 802 6316 5566 32 8173 2368 979 7894 6642 2374 6926 1767 6861 6444 6205 7137 7405 6429 1839 5739 4961 6022 5974 8942 4179 705 111 296 6611 685 948
3 9252 7147 8753
2 7464 8596
32 4494 2020 7993 5466 1054 7000 7190 2927 3636 1355 3102 6737 7309 3425 4167 5278 5582 5104 5558 4621 1446 2350 5288 5418 919 1506 1126 8572 706 9494 3185 1285
34 7957 2531 5213 5113 892 1267 3191 7628 1733 4605 3793 5702 5995 7493 5099 9157 543 6459 7177 3856 6802 7973 8241 1268 6551 8765 8611 5544 3095 5599 4883 3656 4799 7441
2 5983 8047
1 1880
39 9679 696 4635 7086 98 2635 3537 2831 2187 4888 2108 9655 2810 1716 5630 9800 4893 9114 6366 238 4985 8390 2545 9605 63 7545 5916 6040 1793 1390 7359 7946 540 3405 535 1226 3664 8710 4103
32 4637 4056 1421 4003 381 3270 8854 6336 7808 2291 2164 9584 3845 8268 9247 1870 4314 2406 2420 2295 1457 571 4427 6417 9956 5065 3019 7751 9589 2449 7731 2499
23 9985 7196 7113 3227 5664 733 8524 6996 8264 2721 1183 7838 6651 3132 6516 4288 5972 4551 5942 6976 4333 2019 1139
5 7108 7972 3809 6288 2597
34 2009 5406 1773 1142 615 1508 9872 5036 2126 3261 7103 1193 3085 2141 3574 9043 7872 6714 1932 5019 3387 6949 1760 3033 9243 2301 7412 5224 7350 6461 3518 5876 263 2691
33 2720 7198 6159 245 1313 7683 3420 2600 6969 9761 9481 5160 5465 1934 3610 1420 122 2854 9143 4789 4730 7571 5936 4933 2347 915 5264 4269 9739 5977 2243 1418 7460
33 8477 8489 3951 6669 6069 8085 5656 529 9134 7745 9975 715 2174 1292 4085 2309 399 5122 1668 5778 7619 8039 5754 3536 1708 7660 3158 8561 7391 4451 5549 998 1134
35 1867 9046 4437 4233 1218 5957 8940 161 5088 9424 7564 5074 5256 5201 7796 8775 5259 1516 6975 5729 7418 8003 4389 6315 4975 9399 4151 2435 5617 5831 662 6046 7476 5253 3386
34 2986 8213 6752 8440 7572 3915 7174 2732 2394 1523 8984 3798 3790 3476 3547 4561 997 9877 6590 8362 4732 7942 110 6557 3800 236 1754 2450 8623 9168 797 2329 778 7899
2 1146 641
1 2591
30 2316 9020 4511 3603 2031 9419 3366 4862 7019 9073 8339 6806 6726 366 7298 8997 3130 53 7786 3342 6370 1765 964 2716 7736 8483 1287 3928 2677 2508
32 6633 3430 6718 1503 9512 2551 9466 4327 659 1364 2052 670 7220 4591 1471 9244 7820 2254 5448 344 858 9285 9919 4313 4676 1552 1617 2703 2683 2456 5961 8490
33 6002 4894 1332 8484 271 720 9633 3114 7097 9158 5915 9729 355 5527 8140 2596 7189 1989 4262 6091 3234 6668 2650 6766 8598 3626 7905 2843 3718 5676 6458 3562 4124
2 4520 9868
5 4467 4317 389 6795 9472
32 8179 9996 2198 8823 1873 4101 4318 2776 7043 7010 7342 7754 3925 357 5262 4903 4430 8601 2102 8931 8912 4612 6592 1044 2080 5429 312 9120 1602 7951 8375 6439
21 9256 9579 7176 1831 5929 9607 6891 2150 3076 8354 3563 8899 526 1801 3002 2219 5011 6088 9940 6559 432
3 1803 1785 1956
2 4027 7813
2 2581 2758
3 368 8605 2463
2 9483 1546
34 5222 8323 9012 5757 1843 2639 8368 3818 2404 7456 4969 1872 6659 5163 1424 6712 5172 7402 1450 8360 5805 2587 9447 9893 7139 7244 4193 2970 7163 8429 5058 1962 5720 7700
2 7468 1190
34 7119 6849 7546 1994 6567 5593 2343 3757 8911 1539 279 2039 9442 3437 8427 1828 6001 7893 4816 9344 3768 7029 7963 6275 6828 4702 8321 7489 4149 4295 5361 4013 8210 7937
32 6689 157 394 3148 9412 6125 8419 1685 225 6078 1311 4871 4937 8160 2341 1819 8590 1463 6490 8532 8846 6878 6787 6428 7955 7739 3250 6057 651 5446 8098 9608
3 8184 1376 8722
33 187 5858 1564 9104 5719 5678 5228 7856 5279 7812 2948 8312 3031 5804 8961 2189 7708 5220 1469 8015 6471 9531 7908 2820 3720 2262 2976 4795 944 6569 2200 5819 1060
3 666 6238 1022
29 2883 1528 5721 933 6615 9138 5437 2025 7971 2532 3796 5183 701 9423 3376 3670 4322 2705 42 6154 1133 2161 5735 2170 9196 1141 7215 5714 8278
35 8292 3257 481 3050 506 3054 4021 4063 4617 886 3895 7931 7594 7647 9421 515 8992 2186 1265 5590 358 5823 9414 1039 4574 8144 1336 7983 2521 2598 8648 1654 6881 6257 9906
3 1105 5553 9914
32 8395 3294 4959 9556 1200 417 4137 4704 8116 2527 2415 6041 8807 4038 2633 9571 7403 6829 5852 2500 1786 7858 7144 7431 3944 4161 8633 9775 8541 3081 3929 1646
6 1874 2866 4052 3012 6229 8700
2 1399 7458
30 7005 1879 2357 2642 4404 5012 3732 7477 629 7081 6218 2989 4690 6730 1741 5981 4626 4745 5157 3365 574 2727 860 8515 4780 2361 3612 6482 707 438
38 6412 7141 6189 9246 9806 3544 3795 4115 2799 8236 671 4595 5576 1521 7271 8026 7389 3556 8916 3182 889 5102 2344 6033 1187 6215 496 5397 8497 628 479 1366 4508 4808 7228 6073 327 4599
34 1900 9888 3564 864 9874 448 3414 6809 6272 8909 4089 9882 5302 9038 8974 9779 4878 8361 3511 1974 8347 5605 3235 9174 4480 9841 182 8707 2877 3349 9336 430 2618 6687
2 1319 2265
38 8310 6916 2828 2641 3196 3459 1030 128 975 9947 9625 3502 660 8523 2675 3228 3874 1389 9219 2452 7645 5097 2947 7966 738 9786 2183 7550 8977 9780 6530 2878 9660 9189 3046 1614 5003 1652
31 8509 5875 7117 5425 9680 3565 9179 7732 6893 8101 6832 1117 7080 235 7009 2116 9470 6846 7982 7299 520 2232 2666 9529 7126 5935 3248 3945 1645 5561 8147
3 6403 3230 5578
30 7711 6493 166 5369 4299 2112 7152 657 5770 5878 8366 2959 8492 214 9335 3777 2336 8905 5339 1099 9088 8393 9854 9373 7964 9793 234 6433 910 7410
6 499 3086 1706 8654 6148 8331
2 3321 7678
36 9393 8728 5387 3170 7638 2399 5212 1550 3542 4585 5422 1232 9394 2790 716 9106 9592 9330 7394 8917 8143 9193 7397 6704 7652 1498 4182 1814 7074 8100 5242 6368 7268 9259 4479 1633
31 4071 8787 627 5189 4863 3398 4990 1738 4045 934 3621 4767 9298 8646 1031 1714 1597 6776 4272 7622 9598 6432 4386 7485 7484 1726 1497 4540 2133 5293 5665
6 873 1061 9600 3853 9829 7904
26 7936 211 5426 9701 5569 865 7624 2945 7462 256 4970 3484 3521 4754 2419 5215 3953 6823 5912 2564 6693 1195 4904 9993 7393 9326
34 3549 7455 3029 6307 7446 3566 5069 9981 3364 7729 6932 3811 779 4718 5379 6542 8855 7098 5681 5524 335 7695 9161 5206 9500 8036 1848 3415 8866 6214 9499 4909 6492 2172
39 5868 5716 8557 6457 4112 8410 7277 4544 5642 9033 3124 2706 6657 4866 8691 1981 1592 7791 5191 1761 1217 6612 9425 8697 3074 1249 404 3094 5800 2987 7158 2307 9266 383 1576 2847 1701 4156 976
3 7270 7684 9360
2 5991 9515
30 2944 6875 2973 5182 6842 1755 9199 3532 3609 1979 8760 3267 618 2955 809 9902 8673 1941 824 3820 5505 4462 1026 4928 2349 6074 5563 3134 4319 3617
38 2432 961 6361 7180 842 2957 3866 4826 7668 3493 646 2817 6805 578 7221 138 586 7918 6415 561 4460 5625 6617 2447 1730 3658 5775 6673 9873 9432 8507 3644 6546 2185 5923 1230 6917 4929
31 117 7849 2426 7631 4228 4396 6601 5050 9742 1725 1595 8033 1504 4263 698 412 3413 1058 1434 3908 8914 4215 3037 3653 8579 5126 4729 5202 7836 2926 939
33 3253 585 8783 5654 409 5626 6446 9819 2613 1511 7445 4775 1790 1947 6234 3241 2841 8025 9163 7354 8197 7095 17 7033 3934 1894 5644 7950 6685 7165 1522 5652 4891
31 2519 3168 7846 2626 47 7934 9202 5866 7282 6476 1220 509 8446 484 1681 126 1914 7351 8476 735 4166 2087 3192 140 4983 4700 1095 1052 5616 2964 3619
35 9619 2576 8302 3067 150 5712 3615 4372 8642 1256 3165 2035 252 3450 4675 8261 689 4044 1499 4997 8842 703 5789 4708 5438 3226 3240 1954 1712 6895 845 587 6364 6721 3631
4 6031 1206 3225 3288
33 3055 8458 6756 7876 782 2731 1281 5695 3451 2275 7274 4406 1911 5473 6138 6047 2139 5002 6332 1165 6117 2097 5677 6690 885 9417 9931 7597 8124 3792 3327 9004 2902
34 1040 7210 9385 8653 9527 6896 2320 9952 9911 4209 9983 7935 1395 6083 8933 5575 9086 7976 4053 8907 3764 6295 8012 1122 3558 145 1482 8608 3520 7166 443 7459 4987 3021
32 375 3918 7677 248 5955 8681 2140 8298 2954 7207 6930 4594 7231 5411 6779 5180 6772 5032 4715 5747 4579 1401 1347 5492 6394 7261 314 8313 6973 679 4606 6032
39 837 3655 3891 5017 1792 8575 7246 8882 4664 4328 2898 3862 9226 9420 9734 2722 9142 7790 8749 8283 5195 5741 8668 5199 9032 7332 619 7593 5423 7279 7938 469 4841 7409 82 5508 1653 4803 2755
34 920 3651 5049 3490 9353 6356 8937 3775 4696 514 3930 7234 3997 7414 8662 8017 5308 467 6859 525 4946 1673 888 270 4943 1172 9488 2734 5926 9555 5760 2864 1225 8069
31 7657 6529 8447 533 2825 6643 3482 9284 4046 3673 3271 8493 8993 1953 3747 3395 1596 4771 132 9173 8472 2088 2339 3727 4813 8910 107 7667 8612 2203 5225
35 9847 4855 3758 6192 6836 5686 7193 4643 4607 8761 969 8644 1429 3799 1470 9987 8289 4060 4620 5421 9870 4234 1769 3382 340 7841 2148 4391 1158 1495 4363 8580 2280 7586 9211
35 1315 2559 7028 2230 9631 9144 5892 3036 5799 2696 7171 3785 9388 4113 8494 4394 490 4457 5061 9643 2062 3010 8729 2687 6847 6937 8097 7280 6539 2529 6715 3987 3838 2858 1558
3 4644 8719 5985
36 48 8587 1734 4833 9890 950 984 2482 6871 1152 5579 8800 121 6379 5725 7689 8105 1756 728 1314 361 3242 220 2496 3726 6781 593 8267 4199 1467 421 8282 8943 4298 9334 6518
37 3629 8406 7188 6658 6741 3557 2663 3993 9564 9539 1101 462 2972 890 6683 6292 7651 6940 2398 8442 7288 6525 3888 3087 653 5940 8706 9217 429 9622 4837 7214 7374 2606 9369 3020 2049
1 1339
33 4601 372 3410 4428 6786 3017 3475 6966 9972 9576 9963 9553 2209 2089 8291 5249 1154 9651 9239 2236 5109 6500 4178 1080 2372 1507 6107 5867 4257 2157 4649 1909 3277
36 6794 328 4421 4064 2167 6985 7245 1631 9889 3062 6593 6248 3854 2804 133 3186 9816 3808 3568 1382 9828 4817 577 8600 1270 5321 7487 3350 899 3983 9290 2821 6052 1573 6616 8789
2 3193 4469
35 8329 6843 315 4761 3966 3807 5584 4880 5045 1257 5564 7366 3561 4086 5583 3251 5600 3979 1827 1715 8045 5893 7910 9230 5178 8625 8369 5368 8096 5342 4641 3898 6748 8171 8957
38 2949 2941 7889 3329 4507 7337 6216 9242 709 9133 3258 7415 4224 9015 9879 958 6552 3841 6923 6754 3545 9969 3412 7128 6671 192 3695 5707 6145 4519 9690 1731 2421 1488 7335 1718 2724 2658
35 5192 7877 2603 3384 6765 977 8187 2585 6407 4130 459 1302 7187 2534 6824 1041 9080 6608 154 1535 7616 1578 7851 5297 7780 6104 9746 2604 8174 5316 1452 9614 8552 7766 9304
36 6807 3239 3197 3773 9926 3585 6503 4139 8742 9858 821 6367 1799 9694 4343 83 3661 6862 1266 3072 1901 8317 6999 2403 6837 5203 6092 5328 2472 8295 9005 3797 3256 4962 5248 3313
6 4352 2288 9750 9024 1247 6260
2 9121 978
38 268 7230 3461 8254 1601 8155 1845 1250 8970 967 9992 5301 2 255 575 3316 6778 356 3912 2793 6055 827 8041 1083 504 9051 7283 4861 1585 4731 635 6533 566 2862 8594 231 9766 2208
39 8175 4307 6952 3826 2520 2118 1830 596 5662 1331 1746 5310 7697 9303 953 3963 5523 4747 1832 72 8873 5419 973 5165 2616 2800 781 1577 7308 3162 7740 1600 390 4886 6717 6585 757 8517 1009
37 5445 610 5743 4194 5535 3717 172 6575 1902 8151 9159 7515 7724 1417 7920 2835 8540 936 4890 4093 8495 4076 1632 8972 2860 745 1483 9443 4726 8501 5209 8602 4079 1327 4951 9756 8022
2 8071 9049
23 9913 2717 5679 6378 3595 3489 5675 7385 3154 556 7895 7828 2807 7821 7427 6317 9971 5499 7281 16 840 2410 3229
34 8564 4260 8713 3317 5120 4410 3616 1222 7209 3232 5116 8953 8193 7384 1876 304 7615 1976 7285 3582 1361 9096 6144 5496 5142 5467 6872 8834 2094 6445 3238 8666 5412 3883
31 1978 9405 4546 7314 7226 5503 4854 826 2260 8686 2054 7508 3007 3597 9444 7734 3397 7100 8896 3526 8839 8409 1484 5745 787 1147 70 758 2227 8847 2609
34 2920 580 8630 1689 4109 5090 483 5107 422 8806 5100 118 5323 1166 4981 3592 3416 4251 3262 4845 6697 528 6568 2427 5588 7038 9521 7349 6543 8647 4189 1677 9860 9533
33 5885 7810 6155 3073 4558 2235 4297 9071 3181 5792 9478 5094 2024 8166 7353 8669 2943 8280 8181 3599 4505 5594 9525 2775 2503 7888 6371 1148 9650 4185 9753 1887 8350
2 2736 7376
35 1776 5491 1530 2657 9297 4782 1102 7535 2453 4677 4689 7806 9264 6883 4919 1982 4218 7345 3336 1687 3359 3822 1798 1517 9719 1398 810 5731 8168 8091 2794 7042 675 3458 1377
30 6694 9503 439 8766 8791 2997 141 3949 8272 7488 2228 7865 3339 1946 3137 4982 1073 7175 4748 8634 8255 7827 3766 4484 8836 8479 2488 3014 6212 9865
2 8965 4471
3 6912 4528 9359
33 6965 6558 1959 7787 5291 8379 6013 4105 4907 5372 4550 501 2526 4009 4075 6447 9269 3553 6030 6180 7396 4448 2575 3243 7324 8619 3837 1425 9960 3911 6507 2770 4120
34 8189 8715 5025 3816 7323 6392 2041 8194 380 6081 1912 9438 5901 8150 6728 6436 6105 3763 2563 6318 6947 2868 5938 8405 8777 558 783 4408 1043 9198 1544 3637 1318 4374
2 1381 9693
35 4059 583 5227 6208 4029 4171 6380 8243 9641 4236 1960 2498 5353 5587 8049 149 534 4452 8252 6628 2371 7306 3109 5177 1607 1445 4860 5207 7623 5817 3780 2312 5449 9990 2664
2 8303 9489
35 7952 8932 5990 200 6711 95 846 761 9923 7816 3646 5033 7573 7045 8491 3285 5026 5880 4906 171 3399 1945 5984 6086 5261 9170 2826 5447 5850 9773 1809 7151 4779 6782 5859
34 7088 2915 565 2382 922 6026 348 2857 3909 5700 9000 8814 3328 9884 740 4777 714 1727 7543 4102 2590 124 6812 3214 6142 7257 2266 8349 3787 8508 6993 5939 6271 4292
33 88 5769 2429 3596 5818 3910 4686 5158 9100 993 5400 847 6161 2444 8545 8725 512 4188 6803 5687 7675 8084 1661 7495 6890 2624 4010 8183 9656 8385 3400 9599 6322
4 3696 7613 9451 5953
30 6277 8675 2538 3396 6021 8079 4493 6251 2292 4206 7370 9324 8721 929 5004 9331 9318 8141 2003 3642 6867 8208 7300 1173 3003 6250 8260 7496 1805 4931
1 1855
30 9283 5881 6877 825 4973 8421 6089 3524 7762 5534 65 2636 9758 9709 7552 9348 4619 5921 2873 6400 1548 3217 3485 257 6520 6573 2100 8106 4133 1343
1 8563
3 7346 7809 4321
3 9550 4006 4483
4 8878 2751 5975 2502
35 2135 2912 7687 7471 3865 5516 4020 2060 4749 2160 1583 843 4653 9789 7949 3295 3436 7440 4832 2978 2443 3283 4514 7500 7470 7030 6640 5946 5506 9434 176 4273 1599 2845 9831
2 3647 7581
32 6228 6404 7451 8902 1326 3789 1762 4400 9151 8014 7654 8125 2737 1822 6423 7538 4899 5068 6027 7400 185 9587 5772 5144 2223 7800 4324 2193 54 1951 4040 4846
6 1973 7075 4361 4678 3994 6221
24 7862 4065 2693 2051 9716 8299 6977 7107 96 2646 7852 3497 4146 6472 7338 4474 6390 8352 6096 302 5894 3218 1987 6185
2 2660 6521
32 6263 1228 1674 8784 6220 3583 6584 2771 6422 6359 1297 2234 2034 8960 282 8475 694 201 8844 3223 3831 981 2692 9887 6933 5051 5964 8735 749 6242 9131 2273
37 3607 3743 3138 3821 601 5627 3879 3477 1686 3117 1620 189 4074 866 5139 1796 4535 4804 8738 7327 7486 9853 2988 3383 9315 2524 4183 7055 2114 9200 3140 401 3224 3762 1137 9281 2117
32 6724 1637 7768 4867 8803 8682 3663 3433 8667 1568 5039 3606 4701 1277 186 7099 7839 9572 5694 5022 785 6723 2929 3254 8386 7603 3627 9129 4554 7002 9558 1808
35 3156 222 4882 7612 5517 9286 2036 9492 241 1349 9177 8617 2525 3421 7145 4566 2557 2400 8544 6522 6578 6363 3419 6506 2146 3716 1076 6183 3503 667 1288 5150 5536 9484 7784
34 7475 1735 19 4885 3601 502 6710 9314 6023 8412 1415 3946 8103 4642 6751 4106 4692 276 4454 9506 9683 6532 9855 5078 647 6236 597 2067 1214 1594 7673 6249 2130 3204
32 9084 9187 9452 2401 5699 4250 7685 6357 3190 2745 6082 7693 3429 4892 1771 518 2332 771 5810 5943 2215 2932 8859 1358 1374 2050 1680 1295 3781 3500 1931 6342
33 9976 3457 658 2791 3354 2440 6984 8035 7448 8164 6757 2121 5481 9778 1337 2213 1702 8513 1885 3684 6555 9415 1732 6109 8223 265 1658 637 7991 6768 7568 7533 7825
2 2053 4023
34 734 4693 7927 6360 3921 5779 3038 1324 1239 3099 6156 897 9328 5329 6866 5133 4290 6622 7130 9009 4222 2674 4342 5403 7980 9197 7696 3143 8487 9782 8939 7824 1055 5828
2 5091 6441
2 3708 6527
33 3855 9935 2335 8588 267 9171 8188 8860 2388 3901 8952 9574 2808 4440 3356 9593 4521 5882 471 3198 2027 8455 8206 5871 9759 9280 5460 2210 5545 4568 59 4348 2586
29 6961 2233 4455 7975 4807 856 633 6196 6716 4944 2023 7513 9361 9722 6983 8127 2789 2093 7272 2542 7945 3018 9998 650 4000 7844 7437 4750 626
2 6190 3559
5 3291 1922 3507 8893 3097
2 6544 6285
2 6321 2528
2 6377 4793
30 445 6735 6245 3453 1215 6589 1968 1480 9526 402 4472 3593 3139 4316 5482 1042 7302 359 8392 3927 9356 8853 1435 2643 7869 5311 8371 7390 2594 4042
32 7561 8158 442 5816 6523 3435 3759 649 9228 2556 4515 9994 9407 232 1310 6763 8920 1965 2871 4201 3662 8270 1242 1694 7992 8858 7831 5474 1823 343 1293 1456
2 3381 180
34 6670 4877 3176 3786 718 3840 7884 6967 2355 3531 1391 4302 7712 7898 695 4518 4805 863 9148 9181 7932 5763 4304 7199 2707 8983 1549 2689 3889 9294 392 8163 6613 2813
1 7110
32 7070 5902 7398 3572 212 4613 2999 6244 7387 1930 9232 1328 9498 9554 2715 3379 8013 7591 868 8465 4598 6797 5378 1127 6136 7369 1837 2583 9818 7524 2408 1378
31 5235 8024 1363 4088 2333 986 595 1169 949 8316 1638 8063 3404 8750 3101 1920 9422 8196 2974 9431 8032 6166 5056 2194 7530 3529 7834 7138 6266 7714 9736
31 6160 8566 4349 5240 5917 8112 4986 5241 6587 7629 1008 6178 1448 2137 5715 887 7914 2348 972 2991 7378 2328 5930 7590 6626 8716 9891 8925 6981 7753 722
4 7355 174 3028 8825

