30 2849 8502 8205 227 7191 5999 4001 2346 402 6979 1679 8511 7863 9179 1406 5346 3961 9999 5672 6127 8705 6297 4563 1628 5017 8197 7166 1079 9544 85
28 9111 7539 1491 2169 9754 220 9585 9880 4079 5659 5096 9809 8248 6457 8630 5519 8370 5651 3973 5421 8467 1912 2302 3111 1543 8582 1991 9768
28 2139 2351 5938 8049 7790 2359 6112 4341 6256 199 4266 8512 6253 6502 6629 6204 4054 8491 6394 827 9649 9539 6335 3661 3406 3030 8268 6835
29 9155 7216 7529 4279 7367 8418 3804 9485 1167 1081 3336 6183 4667 9135 32 3401 4756 6617 912 8459 8048 7391 9680 5091 1682 4479 5667 7654 1911
29 6812 2765 328 2693 9636 7485 5706 6099 7880 9267 7812 2735 7267 3435 7740 6414 3897 52 536 9920 4269 9048 7659 2778 5391 2828 6435 2157 7414
28 1660 7787 4068 5128 7579 8549 6049 9745 5084 1248 4857 9502 1698 9845 1094 1457 8599 8034 923 1582 6568 3358 5589 442 9134 9748 5915 2155
29 2265 6671 336 5696 4629 8726 662 6793 1310 1011 8047 4100 109 729 2869 1876 4470 7079 508 3395 728 506 9903 6339 7991 4913 8353 1212 647
29 962 7297 5209 5129 7985 9980 8711 5446 6919 219 9835 6672 4892 6993 2082 6483 5565 5187 6946 8984 5697 7669 8635 2883 4905 843 2441 9841 8385
28 1386 1691 5462 8950 2085 3318 6866 8154 2788 1074 9839 2610 9250 4925 4637 2193 4800 5098 8444 2871 3624 6986 3559 4337 1820 3349 869 4539
30 2635 3562 6062 854 961 2343 1787 9864 9362 670 8013 9689 8821 189 5152 1894 8529 8461 3088 2272 672 8785 9468 1841 4360 9912 6028 4556 4364 960
29 3423 1831 8678 7638 8327 1260 5478 8572 3905 4110 1256 7811 8507 412 1401 7893 4934 3319 8626 9237 8600 5715 1443 1337 8343 806 6029 8132 5987
27 445 3247 8080 2469 9772 1740 2782 6215 8700 5119 4293 7785 5579 9672 4312 112 5287 3276 8800 4731 6108 4613 6 6833 8682 2556 2494
28 8172 1030 1805 3855 3 238 8756 6817 8840 3774 9368 6145 9280 3003 6072 6930 4610 6045 2259 176 8405 7567 4270 7477 8061 9869 9555 697
25 1753 5595 6402 9190 9915 7349 8649 1193 4262 6287 1919 4749 5504 5214 9264 5573 8233 7956 6071 6840 5286 9170 2523 8640 9163
28 1574 4474 9470 8745 2186 1795 163 9394 9495 8993 4997 5592 1915 8538 805 1142 5737 5199 1910 6875 3768 8748 8451 8084 5275 2902 4767 470
29 8786 159 1842 3099 6790 9708 1487 250 9186 1370 1360 1329 5834 6951 4943 9325 8028 7231 6527 9644 1984 2471 7933 8811 2257 882 2371 5007 5517
28 5835 3860 281 2140 2212 6452 6643 8423 1120 5474 9090 8976 3819 7962 4120 3102 3820 5131 3255 8397 6662 6517 6209 978 731 7789 6149 233
28 2672 1846 8492 2599 5598 9322 2138 7028 4465 2960 9562 8159 7237 6291 1453 3599 5174 5554 1201 6468 7451 614 7602 8247 9041 8011 1313 1099
29 6507 7047 7115 874 8613 8766 5682 9406 8322 5012 9035 9871 394 8142 5718 981 7630 398 3718 1230 5722 9610 8160 5819 2537 1655 7474 1690 9138
29 6603 1424 2777 2195 8701 3703 5580 107 3770 7455 9771 5309 1371 5817 9800 998 9323 4557 1625 8525 9519 3626 8243 4297 9320 5543 3202 1791 9478
28 1579 6557 4259 7922 4926 443 6566 6359 5312 3176 4201 6954 3246 1498 7088 4112 7803 588 9597 6023 3509 2443 2434 8306 5870 3985 3901 7540
26 9054 9868 7752 4050 7180 4323 2744 4017 4559 3379 7009 249 1914 3896 1173 887 7285 6247 7 206 2905 5342 8100 3308 4540 7774
28 389 8896 7031 108 8906 9625 7719 975 200 2280 560 1214 683 8915 4213 2315 8196 4056 4806 3966 9472 4267 37 7730 1263 5712 9330 7534
28 2734 3265 6214 7394 3126 294 8594 7944 5376 7931 7876 5533 9372 7001 3028 9595 9011 8133 8429 5061 7819 9603 5380 1594 3173 7772 7655 7234
28 7822 2795 2916 9836 4005 393 3103 3882 5763 4898 1002 1319 1102 3441 9232 5643 1632 1702 3751 4154 7594 459 2063 8708 9045 3279 4111 3143
28 9215 8152 3316 9073 3380 813 2591 7240 974 3228 6976 5118 5427 3063 5095 6170 7353 3615 2580 3597 1155 821 6293 5196 4380 120 341 9418
29 6197 2583 6046 3763 6313 1794 1344 2266 2039 7462 6914 4914 1796 3382 7012 1713 101 3325 4763 9009 8361 8508 8622 2046 7396 9423 4354 1367 1921
27 9742 7720 4503 9019 4200 8462 6244 8292 848 4163 4374 9116 1321 8149 2077 5648 2181 6120 6788 5893 7034 1646 7619 4608 9579 4058 8816
29 7245 2713 416 1976 1024 5086 4887 385 1420 1602 3545 5420 4428 6684 8341 8283 5037 3602 4389 5616 2816 5141 8763 3141 1981 5256 7966 6830 8670
28 9284 6578 3260 9385 3442 1217 1750 800 1871 9093 1899 3721 4583 2204 66 2290 3824 7093 9005 5623 6342 5657 5812 1115 9904 4586 5227 531
30 1785 5535 4994 4327 2353 768 2608 9648 1759 1317 8131 4401 2124 1962 6026 7587 4815 5056 241 2131 6193 8809 8951 8188 8606 7508 5849 7921 3555 9895
29 2223 6227 1896 5740 2769 1890 706 941 7278 8274 8593 9976 4021 8337 603 4128 7013 6384 1645 8113 1510 4536 296 7128 9025 6012 5621 6133 2507
29 42 2864 5721 9042 7109 6211 8727 2687 3185 6872 2522 7188 237 3585 1667 5695 635 1848 8420 4023 454 7548 4755 9602 2732 4020 4695 6947 8753
30 2822 601 7708 8356 2573 4152 208 7891 8251 4306 4822 8505 907 7682 533 7126 999 5001 3419 6827 5288 8612 3338 2588 3163 7517 3796 8105 7697 1596
32 493 5326 5334 6928 9175 3623 5051 7910 6389 3341 8912 168 8214 7076 2066 3065 2424 8355 1383 8519 2690 3638 279 5858 8071 6420 7977 3219 7770 5678 3381 6017
29 1134 7642 1365 2933 4034 4156 7086 9477 7338 4799 5355 2931 2122 9300 7623 8787 4434 263 4191 2420 4670 9639 29 4155 4042 9698 3840 7806 1637
28 5014 1191 6888 1822 5460 4314 2642 8673 252 8123 3364 8189 9287 9217 4332 9810 2653 6124 1471 246 7599 317 5184 737 1939 2041 3826 8351
27 8725 7006 8143 1417 3323 8266 1243 2853 1326 7291 9012 8892 9434 6716 4351 8860 4570 2133 4861 8380 1699 11 814 5536 7938 9410 4300
29 2368 5645 1348 5545 4607 3122 4703 1174 3912 5133 5413 3058 4952 709 8925 3941 984 9098 4094 7943 9521 9834 8408 9813 8219 7090 451 7854 694
28 7653 1492 3899 3867 663 6520 9494 3170 7405 3069 5906 9332 4376 8038 9935 8168 8960 985 608 6870 6122 9399 1669 7683 9148 5161 6269 4625
29 4467 4661 8504 9131 7020 3744 3267 1238 7981 4264 8894 3392 527 1952 1507 1052 7378 6758 285 5636 9226 786 8449 808 2618 1881 1550 9403 4789
29 5262 457 6003 4966 1025 7488 7598 5911 9818 7352 5811 5847 8066 7953 2527 2798 1789 9266 9294 4668 346 3023 1546 3450 7280 8893 6776 3422 4347
26 3198 4757 9286 7845 3722 4975 3243 9854 5121 5584 8437 9370 3393 245 86 1169 4035 1619 4208 7140 8388 2953 9934 4954 7926 6865
29 6056 8698 4338 2205 8282 9974 4495 4282 9675 3785 9690 2943 310 9278 1721 8796 7763 2692 613 6853 7095 7444 9318 8576 1812 205 4674 2809 2367
28 3363 3235 8565 8438 1241 4252 8609 3647 6296 7473 2040 2262 7860 4199 6220 7514 17 5572 2023 4626 3725 9789 4733 1281 5633 4683 9847 2388
27 6845 9850 665 5298 3716 682 3854 4589 3532 3362 6252 8659 9458 382 1535 4693 8847 1741 4439 9663 542 3947 1930 3988 9927 8771 8964
28 4759 9257 3312 4046 1562 1674 9622 3465 8316 6711 2928 6849 2390 1029 1830 8982 9776 9017 7070 3749 3591 312 6086 3859 6972 6755 1268 5453
29 9435 8730 5528 6475 4824 5520 1588 2298 6652 8469 5384 6033 8755 9043 337 4488 8200 4406 4812 9985 6525 9373 1570 732 8749 940 8986 3530 7577
29 4322 8545 4766 6416 3410 7992 1612 3348 1012 1839 9317 6856 9664 5438 7077 8560 6968 3890 5773 9896 829 2958 2356 2987 2250 7521 4352 3633 5486
28 9014 1512 9591 6155 432 9937 3091 4550 6163 6606 5983 9051 5451 6996 9453 1736 3552 3329 4879 4285 2102 9193 5337 251 65 8585 224 9600
28 295 1539 2954 69 1554 8250 5368 3644 3429 8483 1683 4657 3310 3464 9996 7385 6180 7585 8054 5338 1251 4971 7490 4746 1705 7837 4708 3531
28 4852 405 2855 5632 4123 5744 513 6615 7390 718 301 7990 2675 2342 5746 64 7578 9316 1649 1234 5172 1497 2383 6201 2329 1027 2007 1766
28 2440 2191 687 7244 1600 8108 3225 117 3715 1693 2097 9983 4179 8007 1413 6521 2945 9534 8947 3357 7113 5649 983 79 5734 5591 655 2288
30 8946 4501 3258 2715 6374 593 4788 1342 1253 2947 6263 7195 2539 2577 2500 6398 3470 1537 5272 6775 3428 1463 423 2865 4721 6490 1288 3218 2386 7688
28 9925 6980 4660 9559 1448 5990 4795 8264 4325 323 4178 2656 7701 831 7069 4106 5340 3248 742 3189 1455 6694 8742 1237 2942 5372 2810 4087
26 8424 3782 7011 896 4144 2519 6676 2613 2318 9634 5412 6378 6114 965 3657 3409 4780 7447 1075 8729 6774 8542 7617 2189 8945 4871
29 1572 3104 9037 3005 4249 2873 5351 5157 6312 925 9056 7122 741 6719 3700 9326 5982 2309 5980 4649 8212 2764 6848 8985 5764 9143 5918 4962 9510
29 5832 3209 9584 3149 9384 919 8417 5424 3192 5821 2243 5501 2897 5024 6915 1771 5270 407 7881 3728 549 2831 6080 2079 5009 8146 1967 9018 1993
27 9058 9594 5583 3385 1964 2049 1677 6522 4880 9178 569 1747 133 2546 2581 6518 5692 6307 9142 5264 4426 8685 7281 7223 7424 212 6091
27 7851 1595 3027 7724 229 8966 5022 0 4444 2552 4130 3563 5894 9448 4855 733 9103 7023 179 4508 9402 6858 8032 9563 4699 6650 5269
29 156 9145 8184 534 8513 1499 5574 5714 4231 5390 6523 7847 6707 1436 1091 4829 2300 775 3231 8271 347 4102 8014 1811 1378 6013 2959 3062 2217
28 9141 5837 330 7060 9627 7176 8913 5639 8004 1872 1158 1880 6206 673 1706 7212 9419 6110 2974 2688 8806 5452 2612 9074 7192 7900 5361 9770
28 2378 8835 8851 460 3009 7607 8111 4315 9006 7743 5440 8832 7459 7290 1636 3343 7591 5043 6140 5745 8209 4210 1479 3940 5650 9767 8240 9982
30 6423 3704 9913 3333 2756 3412 132 4358 9415 7745 5366 2062 4212 6728 6945 2220 982 9560 4321 1265 5977 6987 7530 4121 3135 1576 5809 7261 5021 1868
29 3039 5552 3496 6294 7552 3331 6844 216 2450 8914 358 4489 7000 2276 4074 8124 6350 955 8041 7632 495 7434 9972 826 9667 1393 1464 4775 9204
26 1109 23 7695 3659 653 8526 4377 1064 7671 1749 686 1303 4294 8329 5827 3805 5415 8817 3787 3673 372 640 6932 6271 1738 9700
30 3187 4634 3772 9797 4415 1239 5525 6427 5177 8876 4929 3863 5169 6882 2811 7344 9729 8975 1351 1523 2650 6934 622 8169 1995 8736 3601 8270 4685 7722
28 1179 8644 2803 8017 2003 2664 7203 7777 4385 2989 8224 9654 3356 6143 8109 7053 4623 4738 3222 4991 7716 9114 3165 6619 4877 7804 8514 7341
28 719 1817 7574 5529 7026 6677 53 7526 1149 3678 3608 8857 4379 9792 5800 8597 5531 2174 6691 7749 6391 4848 3352 8994 5215 9573 503 3708
27 4753 846 6595 1520 5151 2992 745 1888 3130 2909 3670 3454 600 7702 8732 3047 6877 1743 864 4220 6370 6501 2115 5261 6673 6737 6088
28 2452 6347 5511 3259 629 232 9546 4672 3654 400 2725 5404 3124 3778 7557 9122 5040 3790 8674 8340 7657 6548 3084 9633 9613 1891 825 6301
28 9714 8339 6664 8872 1016 7022 9272 1657 2274 363 1435 5488 7300 8255 2369 2283 4033 5884 355 1043 8704 8275 8632 6077 3196 3451 6633 5470
30 2182 3533 6890 9224 3405 408 6167 2435 6331 7415 4460 7771 1618 6082 5093 8490 2187 2445 2792 7961 5047 4932 4462 7799 3687 1765 3148 1150 1315 7010
29 1415 8415 2012 7295 5945 147 174 1895 135 7036 1168 6813 9655 7509 838 1070 4727 8319 8866 1480 3077 6067 8342 6899 9082 9542 7817 2620 3375
28 8551 275 5903 667 5333 6421 2018 3587 425 3784 2068 6460 6368 9694 3723 5731 8758 1623 2112 935 7920 8456 4038 8515 196 9723 1851 3048
29 5919 2847 8027 5855 375 6618 1222 2489 9314 6268 2547 9993 7056 7663 3942 3389 1977 2070 4842 4441 2172 7913 4651 1112 2667 1316 5092 9968 6173
29 13 9662 3579 9052 1220 1913 2301 5784 5887 5843 6531 3194 6456 5854 1146 1866 4378 6884 8684 3372 2750 9333 3627 1997 6251 5559 2059 9838 7796
30 8220 773 8026 8949 462 9489 2770 2674 8528 6329 4856 84 529 3695 7112 6624 2256 2111 7808 8259 967 7547 4558 1586 1874 5864 2779 501 8298 5240
28 6669 6796 4769 1398 7980 2710 939 1306 7703 5314 2120 6581 9464 866 234 2206 8837 3408 3945 1273 1157 7827 1183 6040 6784 4197 5002 5707
30 5260 2163 7494 7694 9378 6556 7406 2762 3904 2179 6097 7727 9964 71 1744 7130 5956 2043 5464 1903 7634 6118 8382 1328 6499 4615 3274 2789 2668 6014
28 5588 7229 2335 4802 1558 8072 6519 996 7163 9737 6138 1630 7404 7792 8148 1887 6400 6195 7959 4007 3307 9608 1878 1279 2834 9615 7608 3517
29 1577 8568 9075 8875 2860 1985 2106 3858 9491 9870 3850 4047 9855 799 3944 8550 3886 5242 2227 7333 3789 9298 9259 3224 9766 5549 2008 1522 1651
30 8033 8544 3210 8170 2 9076 8575 9504 2337 8398 9274 5904 9979 4906 7308 861 1171 6594 8226 5816 7573 2742 4445 4463 4039 4798 8987 3664 5897 1864
30 3353 482 3693 5537 2350 6995 6292 8375 8897 9725 8042 5023 5964 4696 2463 125 210 8031 2292 8119 8199 4846 6165 3200 1297 9291 4984 5526 5257 202
29 746 9031 5653 1862 7890 8162 9874 3949 8328 5878 1242 1104 9704 7312 8436 7924 8087 4704 759 4513 1945 6066 1633 4531 1361 9463 2532 277 1199
30 1965 994 554 4937 4710 785 8257 4015 2679 6277 7522 7873 6115 8185 1452 6846 3129 8217 6487 9875 8662 6081 4729 4336 485 8002 4841 5789 9607 3748
29 9392 5030 8657 3501 9408 5448 2167 8285 5163 5861 4241 3603 7958 1489 9 5104 9483 1117 3125 5931 4972 579 9013 1031 2360 8845 3120 9650 1778
29 2600 1942 8434 6258 9129 5066 3731 5433 5772 550 3078 7068 4147 2682 6741 2508 8614 3596 4475 7398 4203 9313 9108 9342 1305 8244 2444 1954 9212
29 5482 1387 8977 5751 9150 6753 8564 7489 9853 5100 203 4591 8605 9279 4598 9421 1886 2447 6678 9512 8091 293 9335 7551 5459 31 3101 8879 6575
28 4764 3665 5197 6970 9806 2144 2569 184 420 4396 1986 3553 3121 198 2671 8688 9683 1780 9749 7825 329 7250 9167 6076 8846 7726 2431 9837
30 9282 766 502 9416 3283 5522 6299 6369 926 6740 8466 1000 8734 2878 8384 7586 5652 5541 5957 7732 7067 410 2074 8902 4631 1227 3168 1672 9873 6172
28 1711 6897 7251 3746 6504 9825 8239 2409 3802 2646 972 2647 2842 7043 3271 5409 6714 5003 8537 7550 1605 708 9905 4407 480 8317 1946 4331
28 3042 5557 6640 130 8530 9258 7087 4969 1802 7580 8325 5647 2946 2877 1046 9355 5924 7500 3432 5986 4429 1078 9374 8192 2976 4437 9444 4594
27 9561 8166 1614 952 3238 6622 2774 1767 8206 8862 2370 2833 568 96 7622 6050 7433 6043 6700 7469 8905 3424 4571 9863 448 4832 5392
29 6130 4107 5941 1205 3762 979 1093 6128 190 1032 9842 4383 5869 918 1451 8713 3799 9981 5799 9614 6608 770 5381 374 105 7930 8743 9109 63
27 4967 1824 552 9352 6563 9097 6221 6419 5090 3229 4990 3416 3812 7146 758 9469 2492 4604 6558 2455 4484 1005 6534 9947 2306 5953 1177
29 9822 1466 9538 5865 850 2051 6322 3783 4487 3500 5490 7925 9703 7949 5808 2837 2888 4740 1336 3433 6132 1902 543 632 2269 6573 1607 5877 7936
30 8858 5325 7793 1670 5387 3696 4304 164 8911 6553 1083 5601 7423 5828 4601 4918 7271 7898 3253 2344 1180 7565 6592 2597 7342 3938 3906 5489 9995 8909
27 4398 5241 7581 6910 3347 1521 2410 1797 391 7706 5137 8278 5027 6462 9630 756 6964 5267 8570 3223 267 4319 1951 509 5729 9100 496
27 1587 7639 6857 8733 9484 5610 883 5105 5700 59 54 5689 6908 57 6166 379 255 2453 1901 1324 6467 6273 9878 638 2516 6974 7652
30 5959 3240 5041 1192 6936 9268 9773 6007 8873 4348 110 5311 3817 4835 5073 3026 254 6306 4010 9730 9807 2277 7266 7301 441 1518 4026 3083 5042 6511
26 5046 1038 6778 9984 2395 81 7872 2161 619 2260 4873 1262 643 5577 3639 5399 7832 7366 727 3538 8104 948 3014 3668 8619 6135
30 3831 6791 8654 9787 2304 2841 6125 4730 4394 4874 2892 8944 7776 3453 1701 8650 6743 7499 9553 6336 6314 2073 6477 898 4108 4196 6358 3072 6810 2497
27 5798 8983 1014 9966 1380 4627 8532 6750 6015 8573 8769 6780 6044 8422 1456 6905 6058 5444 8930 2461 6801 4505 1834 2712 7008 1001 6804
28 3249 596 4807 1860 7650 5654 1854 9583 2281 8603 7503 1589 6352 782 1461 6134 9513 7425 6199 9105 6642 1129 5686 9865 7810 8918 8443 2149
27 8039 9366 5942 7279 4018 1095 8737 1485 2538 6225 6238 8722 9008 3495 6991 2411 2684 2596 3475 797 1110 2796 7711 8164 4237 4791 3554
28 8980 2297 3575 4917 4195 7679 6616 9172 2542 257 521 9187 2235 1170 6895 5505 904 755 2592 8312 4022 5872 1061 3214 6181 5618 6663 5255
27 9581 9814 4632 5881 7742 2768 8381 2232 3777 4520 8008 9007 6187 1885 4414 2484 1845 1850 4216 3294 8852 6769 6408 6929 3345 6842 7886
29 4466 2698 256 3951 2752 9721 4069 8478 7869 6037 8253 4316 2818 3759 1856 5356 5394 180 2164 9801 7814 6116 4485 9686 3588 8516 1369 9349 7899
26 7609 551 3781 9899 9678 9955 9133 5769 7450 3548 8604 6665 3983 6545 6953 8313 8608 3217 6126 8962 6317 6366 6637 7997 3529 6090
31 2584 8724 6687 5914 3462 8820 6966 3114 4273 8389 1219 3835 9575 1172 9158 6406 3889 7757 3837 1640 7479 9000 5607 6101 18 8747 1396 4600 6094 764 75
28 9488 3929 6151 3598 1053 4393 6341 2334 3780 6567 9760 76 7157 376 5786 6653 6009 6689 2045 5641 9265 8075 2340 3493 6704 2881 696 5273
30 8849 3076 8177 9227 2963 8063 2137 4307 7960 3018 4095 1622 1908 1085 5782 2704 1054 1272 2425 7476 6736 5469 9574 2875 195 1786 6308 3816 7805 4915
29 2417 4989 8592 3914 7543 1264 4903 3335 106 3167 1423 7071 6773 7989 8334 153 1819 1613 6343 5468 1356 7311 7224 4326 399 6002 6074 5178 124
28 7584 8948 3471 8625 1250 9963 675 2021 9531 9919 6354 2520 3010 3894 8095 830 2488 6505 8825 9062 9879 5624 4593 1947 7677 8928 7978 4678
29 9872 7918 5031 3524 5896 930 2908 5760 9220 2654 9970 4101 8591 1642 4779 6998 193 4596 7133 5335 2035 5449 2545 7505 6415 8272 6626 6546 4131
29 5955 4170 3044 4622 7773 5683 2745 793 4363 8499 1045 2076 5219 7919 7199 3662 716 1955 5923 4211 7454 5358 3995 7524 6920 9765 7839 6647 3399
29 691 9246 2241 1818 1745 3036 1373 7441 5862 9203 1226 8294 1934 9736 6450 4146 8401 354 646 9429 7797 7302 1232 8929 3369 6533 321 5551 8009
27 7995 553 479 5207 4573 1138 6057 7317 204 4040 6318 2020 1176 4578 7656 2466 834 3754 4686 658 4013 7498 1454 7738 8228 5717 7260
29 9168 474 182 4091 2037 6113 5542 5857 674 3158 5407 8760 8562 2685 7242 2981 1783 4492 4453 3414 4142 9840 7445 1718 2533 6052 1727 3444 1445
28 78 1125 2649 8890 4126 4030 4828 1411 1897 7268 4844 4002 1144 143 7099 5978 4525 5628 2723 9965 9275 3572 4908 4936 3779 3024 4965 7417
27 2636 6683 6093 6474 5226 4587 2154 8577 194 8689 1861 67 3685 1249 4139 4838 8321 326 657 1949 9605 5234 3800 1798 3962 2781 1298
28 2823 8468 8134 1675 1390 7668 690 901 1427 8358 9127 7830 3629 2534 2982 8288 3359 2700 847 944 7736 4912 3910 3098 192 4590 7294 7947
32 7849 6330 698 6992 350 6102 4248 6731 3669 9533 8541 4542 9500 1292 2121 9261 1137 7909 4522 507 1190 1379 4491 1388 1989 8433 197 7705 4981 5970 3159 7364
28 8097 9740 2554 3679 3582 9115 7637 8442 1194 5183 790 4153 3020 6809 4011 3463 1391 5825 9345 8869 7226 7017 4036 4222 8979 8060 4422 4605
30 6933 1833 3128 6463 817 3050 15 7412 6747 1477 5055 9812 2412 916 6749 5202 6432 505 1710 4826 8856 9938 2190 3688 7453 7791 8305 8062 7747 2451
27 1641 839 1407 2430 4355 6990 2950 266 6364 3986 9821 2080 9824 7167 4819 8158 8571 6685 748 5339 4209 2694 7457 6867 8484 5513 6246
29 2921 6956 8366 1909 3844 3680 4183 5218 6470 4521 1039 161 39 239 4602 9931 9617 7676 4299 3714 8452 9132 712 5445 889 5711 3421 7537 3107
25 3968 5846 3560 4186 5783 6267 8506 4446 9375 4168 5803 5367 628 604 6924 5631 6900 488 8863 9486 5016 2311 9586 1211 977
29 602 4246 498 8841 8237 2677 8958 380 3215 2286 6574 2188 55 3974 7363 6786 6104 4609 3773 7051 4073 5824 9301 4959 2203 3607 3008 4063 6207
28 3592 2086 8952 2305 906 5868 3667 2242 4953 3675 2799 9529 1389 1972 5720 9290 1840 5205 7510 3466 9271 5364 5932 8510 7332 5398 2467 3570
28 8404 7235 5156 9669 304 5901 1770 4724 6584 2802 2050 9750 5691 7298 6692 9050 335 1213 8997 6381 6514 3561 2729 3842 7050 9438 7153 6491
30 6424 3832 5952 7309 2042 8471 5883 5863 7541 720 3481 6357 9412 5405 4985 1879 3747 492 3204 5357 6839 5891 6070 8065 9198 1716 7463 2067 3038 8194
29 1764 6245 2459 2578 4718 6826 9762 5510 2558 3402 6674 510 3317 6228 2741 2130 6962 6939 9337 6383 5656 4427 1311 4369 415 3328 6332 7315 973
27 4473 3628 89 5116 9907 9242 3001 3830 5159 2009 7328 778 855 1892 6837 8139 4534 7127 260 162 9377 5408 6828 8880 8070 2968 9255
28 7735 9166 9522 9079 3671 6500 5742 4575 6515 2629 642 5830 6471 1530 4839 9387 884 3737 3550 28 6047 217 6541 9953 581 8416 936 5561
29 701 3169 8781 2755 8765 5693 8790 2536 8036 4388 594 4687 5282 2984 2010 5268 9734 6649 3539 9199 1722 9744 3977 2751 2211 6798 2481 5410 6479
29 2758 2198 7439 2384 9751 6657 2838 2499 5434 4679 1708 5291 567 7321 8489 2060 7836 4645 5038 2473 4899 5414 146 5305 818 3993 5948 5418 7649
30 2772 9445 5973 4650 60 7436 1198 4734 5570 8040 8628 6927 9628 430 6399 7859 4280 1511 2047 1058 2458 1200 5753 2566 4150 8533 5747 578 4419 8694
29 8315 9992 6250 3295 4009 3836 5435 5296 8904 5068 8245 933 9228 4180 7058 4424 1047 3293 1286 3600 921 8202 5719 6324 7858 1446 2814 8683 8636
26 6096 7132 6600 5127 2930 5058 4621 6547 8723 1431 5329 6948 3502 2845 3672 5880 3594 2460 5676 8136 3154 8823 5110 574 4881 7215
27 8346 6931 6623 3953 678 8178 6393 6162 2071 995 3407 5428 4986 7035 9823 3004 5246 1087 6937 1979 5088 9620 7119 9679 5280 2879 969
29 5876 7760 612 128 8885 1737 5726 2840 7896 5253 4289 3166 2891 4612 9389 6696 5622 8310 4868 4837 3178 7145 6489 4741 2248 8660 24 4585 7492
30 9670 306 7179 8870 9930 3367 397 8494 6738 8680 5382 2760 5442 954 9334 5540 1469 1654 2754 6682 4928 8069 284 3257 4255 6717 453 1801 7841 9941
29 2652 9791 61 676 3275 703 4356 9451 8493 8917 6590 5852 1870 922 2348 5758 2697 5989 3852 3666 3935 3593 2160 4705 3909 677 8744 7996 4329
29 3216 7186 5934 4909 6237 171 8834 1944 2207 615 648 2184 387 5909 5804 4328 1403 5212 3776 5087 3115 2089 6139 3729 7807 8731 7371 3334 7690
28 7678 2381 7096 4481 9039 1178 949 8791 2728 987 332 6648 1244 7005 3152 9757 5295 9709 2941 272 4308 4342 3996 5294 1975 6823 2213 7021
28 9475 333 4469 4392 9506 1175 5436 1300 5506 9808 6824 4431 2116 4132 2973 475 4080 3869 4654 8379 3900 3413 7055 3706 634 6203 4793 7533
29 6430 2091 8543 2858 7986 3757 1055 4350 4205 2707 5142 3743 6582 2316 8015 4851 9876 2753 1161 4404 7624 4711 5961 5243 3838 1728 6159 1327 3021
29 7782 4671 7448 747 6275 9719 6411 6309 4044 6708 753 5699 2408 3321 6591 4421 2462 3376 2521 4894 3140 2159 9205 1583 3614 3959 4592 9697 6413
28 6340 2766 8903 8624 2914 6242 6779 5170 2680 7038 8988 3494 1960 6024 6006 2237 9400 1376 3378 2192 1696 4283 5140 7972 7970 4224 282 9343
28 1999 9688 8073 1100 1776 6379 8968 141 465 3330 1460 6367 7288 559 6698 7206 440 6232 8767 9357 1274 9569 7523 4381 9244 7631 8180 6627
26 7324 5532 4099 9382 158 8924 3871 7660 8238 2373 584 6646 4723 6439 1050 6249 8331 853 4029 6723 1974 5615 253 1615 7194 6441
27 2414 5503 7331 9612 4084 1042 6036 6978 7078 3908 1309 123 4546 7692 1496 7912 8804 3252 2366 5735 6560 9124 7518 1385 6371 7718 6148
30 3875 4662 7380 2252 5308 589 1414 2794 2233 6084 8258 3606 5395 9068 2056 5767 2949 2341 1224 5841 4886 2081 8430 4624 2896 2393 2514 4552 1345 1508
28 9371 5613 6819 6030 6000 7842 771 74 230 8391 7355 3314 8345 989 9673 3535 5389 6054 8086 959 7818 7252 7583 3649 4619 2123 1106 8395
29 4078 4260 5149 8797 1560 8615 6304 7054 2541 4885 7062 1228 9057 7846 5450 3514 6451 6802 7813 7208 5194 3793 4075 6911 9020 9788 4872 9161 4014
28 3233 1247 2263 4455 3536 610 760 9084 3340 8318 2643 1459 9411 9716 2387 4059 4865 4187 3566 6641 8229 9514 6907 426 9987 1184 2956 4964
29 327 929 7395 4803 6407 2633 8651 320 4134 9425 1301 715 5998 1490 580 7171 6111 7437 1652 148 1090 6243 6089 9364 8363 6059 1071 3769 7911
29 5266 7794 9820 3640 5534 6869 4567 1865 36 8486 3813 5064 5347 9233 1968 9712 6530 5239 6326 3007 9711 2486 6254 3478 1181 5430 5859 3403 6164
29 1408 4805 8710 3903 8193 4104 1009 6874 8627 1671 8213 1444 8231 4713 6156 958 5447 1240 4911 2827 6107 8359 8633 754 5173 497 4643 3080 2423
29 2993 4796 5136 7458 7867 4677 236 3281 9044 8211 5781 1023 5417 863 4761 6841 9066 6760 8056 7403 7269 7562 7461 9978 4688 3311 8574 5204 6588
29 570 3505 7014 1926 5680 1236 2644 1932 2477 4158 991 6997 116 5848 9002 7075 1606 2663 5060 9846 4554 7137 3002 9881 2104 573 287 4235 5211
30 1959 2563 8386 5815 9397 6280 8831 6274 1810 3388 7875 8284 1320 345 6892 48 7124 618 2113 8300 1757 2628 723 4012 7868 9112 7968 6320 8715 6906
29 2038 2156 4166 7689 8833 8884 4076 4116 1354 5403 3797 8144 1126 1103 7238 9852 7248 2307 5927 913 707 8521 5019 2072 6761 9535 7861 9724 3232
30 2603 9340 27 1704 3201 8204 8681 319 3299 9949 4792 1092 6552 3798 3390 9256 3853 4149 9653 7684 6270 2880 1362 3022 4999 2927 6305 1255 4135 4747
29 3384 3534 2876 4400 6123 2258 3997 2574 739 9376 1724 5768 986 5265 7725 3067 6807 3046 1591 5630 6372 8676 2199 4783 2095 6532 2487 3957 4875
30 8099 4447 2365 7219 1325 309 9831 6437 9324 4641 3262 3507 403 6063 3446 3888 3978 5539 9405 3244 1970 6019 3087 2856 4510 5813 9422 1136 2587 2107
28 2711 7569 9891 4476 7865 5323 4950 22 4588 5687 9482 8844 2004 3609 1114 1918 3884 8367 463 4206 988 1506 7048 2885 47 3474 3913 6632
28 4052 9136 7611 2396 1907 7185 7988 1541 1609 8309 2011 5289 3926 2165 2970 3400 5806 8082 9085 122 6834 4620 4362 1686 8803 2907 8539 6625
29 3709 7781 1330 4957 627 7381 4673 9310 5369 1259 1419 9728 5497 1467 9763 3525 8497 3327 9016 3017 1703 2363 7360 1254 5907 9293 119 1235 4171
29 8709 5008 9940 4777 3610 5348 3486 1730 2722 7484 9029 7429 1147 5962 5752 4207 7438 5186 4499 3342 4234 2317 2374 6103 7125 891 4890 6142 2084
29 4760 626 915 7864 6445 9096 7016 9599 4452 8262 6697 7939 1405 5306 9060 7556 7155 4836 9726 3690 154 2196 5025 8739 2964 7544 4895 9971 2296
30 3236 352 5917 3682 5585 2024 9989 3934 1620 6385 6820 7525 3635 7104 4157 2872 3574 1781 3056 8138 6004 3874 7204 9948 5702 2731 990 1916 3829 6202
28 1566 1204 9200 8547 9033 5360 4597 2738 3724 5028 3892 5249 8661 2657 5947 8990 7081 247 9676 2696 5321 1381 351 8203 2866 624 966 3436
27 5465 2202 1751 2244 9967 791 7117 7111 9153 7614 7753 2397 4825 7025 8254 9570 9295 6526 3916 2932 1162 9657 6053 4411 9030 9152 2623
30 3922 5383 3656 9459 1059 5416 1639 6409 8638 3398 7767 2935 1933 909 4448 3437 8498 3891 524 2490 562 5933 1501 5300 5677 9805 852 6524 3285 9932
27 3190 6257 9635 8464 9428 4694 6446 4025 597 8215 7282 9739 3269 8348 4676 8667 8023 2022 4330 6401 3864 7139 5660 2627 1010 6189 9404
27 4141 7606 7475 6509 5829 4817 1592 5457 5168 2955 9526 2913 9311 3828 4277 8295 381 2246 6555 155 8888 6981 9524 4820 9358 9860 2518
29 6229 1312 2418 9128 6815 7286 6105 150 5496 3565 1493 4823 9490 1936 6426 4373 4656 5252 7635 5920 1065 5363 2162 4907 3943 9476 491 4956 8392
29 6198 8453 6597 7358 5461 1210 8954 7538 9350 6944 2919 8330 8413 331 1847 1552 6644 6403 1584 7357 8795 3933 9305 9004 4664 8218 2031 2936 1289
31 9738 7136 8394 4951 8120 1429 9241 3300 3803 1028 2595 5192 3434 5890 6174 2615 6048 5487 4085 7003 6035 2733 139 3613 9201 218 621 5926 5374 6969 7641
29 7833 804 523 9236 8083 5423 555 1898 6562 2001 5070 7906 9497 8482 8901 2326 2695 5899 8495 9239 1334 5089 7902 7520 892 6495 5317 518 9154
29 2870 9960 4878 1779 5566 4784 7158 3090 7748 9436 1269 5304 6585 3415 6345 9390 9312 2972 2929 535 8580 8030 2619 8836 787 2749 340 2456 5690
28 9159 862 1807 3476 3150 5313 9229 4809 2562 3508 3191 2389 4382 5075 3674 7750 1231 4086 4770 3564 757 6355 2109 5582 860 3404 5284 3116
28 8546 2442 3324 6284 8663 8754 1322 6436 5900 4204 8296 115 6272 639 1122 6861 7273 1366 774 7940 7293 5992 2553 714 1333 2911 8548 2791
28 7662 1271 6959 1700 5713 62 7878 8518 5277 3144 3484 8552 2465 6484 5727 3370 5248 7143 4357 3761 136 9379 1857 9069 7746 8195 8402 7187
28 4115 5944 1067 9785 3164 5126 7359 3544 8025 7536 4375 2606 9118 1358 6453 3740 5393 268 9230 1008 4816 3655 3752 8110 3207 1875 4712 3227
29 2805 377 8523 3383 2526 2201 5224 9055 1735 9554 9270 4684 6224 4547 4343 1662 2015 8242 650 8973 7640 7057 2934 5225 4287 439 2143 9782 3634
28 6021 6610 6168 7575 1969 8050 6361 437 1118 2028 1723 7443 7712 5581 8908 2432 6494 424 8098 1478 7169 5981 7052 2264 4532 3697 2634 6422
27 3815 1062 288 9621 2339 3443 1340 9240 6675 5749 2052 6510 9160 8135 4027 1346 2029 2639 4663 3230 520 752 1470 8559 8916 1739 9558
28 2209 8121 6461 5237 2965 9590 8410 8920 6559 1132 9363 4519 2780 6941 1308 7184 4129 3571 8921 1884 201 1107 2025 4450 7152 7553 4707 4977
28 7080 1359 7183 3932 421 1604 1542 5303 2470 2175 4334 9087 6693 9303 8842 2540 2034 1341 5463 9396 8664 9722 9433 5359 9517 9991 3106 7559
28 8267 314 8431 170 879 221 5670 2797 6230 1082 8369 798 5108 1873 3963 903 9262 1624 104 9684 4324 6239 4850 4061 2093 1015 9786 4978
29 3155 436 2152 7253 3702 5307 2868 888 5838 7955 70 872 8536 5600 1774 30 9830 3960 6759 7041 1284 6825 9503 9221 5386 9774 9866 4418 8311
28 3766 6152 8969 9933 2145 8693 7149 6686 8377 2843 5429 9110 3982 225 5820 623 5790 9471 3261 3394 3843 6290 7512 1714 6921 8501 8387 2681
29 102 94 3681 4239 8699 721 5052 6752 1777 431 8652 1889 7560 8509 9923 6362 7626 8116 3621 6064 5979 5145 8127 1017 3208 6783 9003 4963 849
29 9988 8207 1186 4217 1267 2775 4486 499 6328 2183 4032 8691 1929 6836 2006 14 1763 9706 6469 8656 4709 1982 8716 1978 3547 103 1638 2952 4576
29 8078 3025 6265 7335 7084 4391 784 5925 7768 6473 2320 4941 4582 8752 2893 4230 2889 471 4860 8403 3809 8557 3699 149 652 4947 6722 3857 5738
29 8598 2146 6720 8481 9130 4834 167 365 8581 9289 7709 2924 9092 7247 9185 2549 5594 9046 9626 1101 6605 3523 7389 2437 2926 6506 3522 5481 9827
29 820 1143 2330 8503 2614 6444 7974 630 5556 2961 9126 8067 644 5913 5993 5716 5775 9209 226 3822 46 2180 6158 3994 8788 3936 8596 824 5674
28 7427 4397 3460 5675 7323 7383 1276 2096 5512 5074 6800 8191 609 2632 5477 449 7994 100 8161 5866 3726 9101 2427 5795 2385 7801 3872 2783
29 6428 9832 4581 5984 4870 3735 6922 8992 9665 6295 5802 8122 1548 8106 8115 7739 6540 9409 1073 1803 7211 765 963 9572 1800 6667 2807 8631 2103
30 1808 9443 8934 429 5910 9777 5619 6205 530 5523 8602 9247 8855 5840 7276 8223 7159 2327 9156 2997 6896 9843 1153 3483 6887 1449 9894 5698 4771 7264
28 3060 9692 4773 3698 1124 2401 2375 8022 2983 3865 6989 636 2092 9501 2800 7044 3213 8720 9162 763 4939 7182 2824 8527 8117 9474 4502 7063
28 2234 7613 9460 5113 9606 7416 7715 7605 6971 9733 3637 7672 9466 3730 8675 3920 2475 4496 8900 992 3296 1072 4449 6631 5527 5491 2670 6806
29 5455 9696 7222 544 8324 2535 3411 473 9939 9798 472 9173 2382 2790 8137 9547 7564 649 8186 976 4464 1384 8474 823 9557 1958 3057 8151 7908
30 1717 625 188 7449 9123 3266 9537 3326 8460 1555 5397 881 6098 4081 2730 751 5646 2708 6512 842 6789 9028 8101 2529 4979 3946 2105 8236 4923 8314
27 7828 811 5345 7699 9752 9856 1151 4117 9499 9548 1825 5281 6811 2560 4258 8867 7217 244 7506 3924 6636 8045 1815 6654 2999 8774 1397
29 395 4701 4214 3396 2555 6016 4514 3625 2917 5071 6069 868 7377 228 2404 4633 95 9047 3068 1720 8303 4876 5684 9306 8690 6943 5276 2099 9556
29 8141 1187 1893 7042 2506 1515 2468 8454 2247 7468 4647 1799 5441 2724 522 1439 1673 6725 5750 2676 3497 1529 6602 5515 8637 1634 5507 845 6576
29 4049 7946 9251 6748 2352 2057 8679 5274 4931 3313 7802 7554 2977 8883 3684 2108 9596 4162 2726 5754 5888 1481 5039 3527 6136 7731 5736 7165 3082
29 6891 3856 191 7230 1855 4309 1245 2322 9231 373 3298 3147 4090 3477 9616 7673 4103 6417 4786 9656 5328 7465 8556 9277 8068 4698 950 6843 722
30 577 280 9942 6864 9817 9761 5796 3151 5176 4432 878 5480 5290 6721 4551 9666 7700 2485 6712 8107 1748 9102 6903 7101 7074 44 5950 3467 3540 5320
30 4172 9446 4543 9646 6983 6718 5499 134 1707 4229 5530 5279 8801 259 6757 169 9119 6850 1732 2602 8457 6831 5814 1447 1374 4367 3710 9687 2075 5988
30 6261 5524 9117 6231 2239 2701 6727 8620 8812 1519 8055 7039 9072 1544 2761 7844 4072 3814 303 3371 5431 7821 6805 9631 6782 4459 6901 3958 7422 5666
29 3256 6319 7173 6234 8751 7957 5166 9184 3984 4457 4958 5175 7645 4430 7612 3801 3344 1828 3184 4133 5929 3206 7895 2991 7604 4346 5432 8307 4361
28 4071 5336 1021 2399 1608 1923 4722 9380 4247 2457 2867 359 8352 4288 6100 1832 4509 9487 9641 5164 129 7665 3586 894 2054 3226 4345 3504
30 6638 7704 5886 16 5117 73 8093 8001 7693 6847 8260 8350 4930 8864 3108 3616 9893 1950 500 1116 6034 8280 5190 1869 6688 7106 2268 3956 5562 5921
27 7576 2496 2813 6756 8277 7408 7467 4185 5704 7257 4290 3834 6601 5072 7307 9297 762 307 9432 151 8428 2336 8955 5805 6184 1559 2661
29 9053 4574 8971 144 3417 1441 7464 209 2064 4483 833 3273 9651 7884 8338 9196 633 5755 7189 4451 3000 4041 7892 3066 8043 5685 4268 2804 7502
28 5604 7205 5324 9304 7116 7721 3033 5850 3195 5146 1207 4732 1034 6298 9796 7515 2245 1578 3142 6373 3862 1331 7754 9065 9900 556 3580 9527
28 3117 5147 6879 3519 7976 5949 7327 2331 4889 4888 2763 7928 9309 5839 6706 7758 7218 9528 8671 3485 7571 2240 1372 5232 9285 396 3970 8887
30 1788 5756 563 3268 4655 6554 4313 7296 9781 1883 7305 3515 2495 6735 2683 7018 5730 386 7103 8419 1394 4675 8126 7666 6011 9710 9080 1323 8167 6065
29 5777 286 2069 6889 82 4867 5167 2433 4003 7304 886 4720 8956 6129 8761 5971 6376 1 5498 72 9386 1475 6465 7306 3239 2448 5780 7593 3071
29 2098 3288 7015 2228 6351 4739 4093 9315 243 4900 2055 6191 8611 4425 2428 693 5479 1906 801 591 3999 364 5221 1108 9713 4811 5844 7066 7756
29 8595 3991 5134 2479 7249 6816 679 8256 4413 6233 5509 1867 8455 2589 6772 4340 6302 1973 8563 8822 6913 8411 3447 2491 8241 8165 5928 8470 5193
28 207 7487 5564 5669 5826 1715 3346 7110 3430 7661 7209 8222 3095 1294 3753 1536 461 6083 5034 9926 2579 695 5538 77 7156 5375 9296 5065
28 4804 1573 5889 9732 434 7430 1131 7751 1098 4652 8889 8824 3094 4420 1353 8759 5484 7570 1563 6894 1987 7263 1318 3045 2170 951 8360 5208
29 8103 6885 1752 5771 6635 3518 5724 3242 3203 4758 4864 5578 2887 1650 6337 5426 7888 3109 2026 9693 7446 4859 942 8520 7386 3653 3468 4635 2436
30 3491 688 9695 5997 6516 6481 1689 3480 8874 8655 8089 4136 2416 2576 4368 7681 2364 2910 1291 5362 945 7954 897 186 5560 1762 9164 2594 5836 9577
30 2586 8961 8399 40 8540 7147 4942 6395 8076 7045 7942 4127 322 3771 157 3211 1567 222 1581 2402 5602 3969 8173 8326 7376 2721 6360 6266 1350 8629
28 4974 7030 1113 6117 5244 6255 8634 4472 9619 4577 3791 5124 5905 8963 1504 7200 4555 4706 9473 8524 7303 8789 8802 7616 5285 8589 6732 9741
29 526 8440 2604 1278 2168 4082 2609 4387 8005 3320 6705 1069 5200 5761 9552 3137 2216 5385 4399 348 5283 5663 8531 8302 7094 5593 1540 1551 1648
29 4616 1364 5794 6382 7769 6262 8012 9892 1725 5293 5297 7400 3839 3893 9959 4148 1057 9587 3162 2665 9137 6196 9652 6478 2498 4735 2985 5681 9784
29 3440 5160 8432 26 2293 571 6766 3917 7840 4004 1971 7950 5083 5259 7696 8621 8373 9674 9174 6734 165 4528 4242 2392 1538 9642 4998 6952 4659
28 3511 9243 5206 659 9139 6868 8798 8646 685 4527 7037 1182 2998 5664 5972 4902 9169 9070 4618 3792 9775 8287 9977 2261 8981 6881 1484 6121
27 9601 8364 5213 6092 3907 2166 5201 9461 5278 1680 7275 292 3584 9381 9681 3418 5422 7168 4606 7085 9859 1527 6713 5231 5774 8819 4184
29 4523 2830 4057 8586 1049 6348 8281 2771 3100 9885 5238 4882 4658 7549 1853 9430 2821 1013 6739 1252 2543 5250 7480 4105 4682 1105 2829 2134 5107
27 5254 7566 9756 5349 3764 5 3541 8553 356 7190 3286 9218 4919 1135 367 514 6965 9144 3029 9245 7905 2282 8779 6660 8792 6564 7348
30 4114 90 3630 1275 779 7667 899 3619 7392 4174 5035 8808 4869 1044 3807 1145 8942 2593 4493 3473 2598 5871 8923 4403 4790 856 2510 2544 5635 9802
29 6042 1568 2332 487 7707 1644 2221 3741 5053 3683 5508 4435 8558 710 664 1664 2951 6466 7040 3245 8473 5143 3133 9348 6022 6327 4561 2850 1185
28 5233 1339 9699 4219 7625 9165 6859 4048 943 6666 4281 911 1097 4098 9177 2125 7546 5154 4202 4405 4225 5995 5776 8174 8409 7029 4866 1627
28 9543 8128 4568 7648 8936 289 8970 2313 2601 6690 4945 7432 2017 8814 1726 6075 2110 9567 5708 1844 7420 2575 607 9032 6169 8024 836 1990
28 3183 8299 4797 4169 1835 3291 4639 956 2027 7597 7816 2502 8435 3377 99 5026 4946 9928 1084 7945 1687 5873 9523 2478 8658 3719 6264 7887
26 9328 3361 8566 5612 1575 1547 6286 9848 6160 5603 7531 5332 9455 3180 418 8414 248 6020 7170 118 8485 7601 3354 7951 7934 8805
27 558 3775 4067 1152 8697 3881 7201 1258 9149 7135 9815 5292 924 9367 7831 3458 2419 2899 8868 5271 4772 5319 464 547 9113 1473 3808
29 6599 3145 3492 5555 1772 3139 515 3573 1299 1603 7651 3277 4565 4599 4617 6175 6323 1858 5150 875 7685 1528 4810 9950 3727 9001 4827 5779 5033
31 6392 6668 1768 3987 8234 3733 8957 1904 9059 8783 7419 452 258 5080 9010 557 6321 3073 5081 478 9518 7507 1513 5518 932 8777 1474 2501 6513 4097 582
29 6190 1437 7120 8273 1293 7065 8793 2176 5222 3506 7766 6178 8446 9207 9359 8175 8773 4847 490 5853 3052 2773 8252 2285 8058 749 8225 3918 7917
27 4611 8653 810 4896 7528 2279 1593 9975 4938 7024 7336 2178 3284 6176 512 6539 3013 2128 3089 2787 1859 7073 3948 8018 6303 5050 447
28 9049 5801 1196 477 9640 5210 466 5223 7993 3212 5322 4533 3134 7532 2114 7102 4737 7999 4787 5103 7504 6194 2669 5575 7713 3663 6542 7460
28 3636 5703 3765 3339 3172 5940 2101 173 6218 5822 4579 2426 9222 4161 4276 1221 3928 9509 8839 4778 3617 366 9623 6141 7411 9064 8784 2565
30 5371 9194 9104 8717 3177 1430 9356 1302 4640 1792 4665 384 8448 1056 1553 7233 9668 4970 4310 7975 7963 6984 5892 2421 7486 4584 41 5960 2957 6405
27 1377 7397 8052 9520 5318 5125 2158 7629 1096 8878 8939 2743 3175 2225 8276 9717 9929 8703 1569 8357 9536 1375 5882 5471 9094 362 6614
27 750 528 1051 1758 3755 7239 311 3234 392 3431 8861 4511 2759 669 6492 2087 9758 776 2347 9849 3426 9034 486 4384 7764 6038 2480
29 666 8447 9492 9592 2906 2394 8201 4642 4545 4500 2513 7387 2825 3303 4371 8780 6851 1088 4752 8198 1296 7198 2438 9036 6569 6222 3734 2895 2719
29 152 8472 9361 1590 4386 4181 6658 3651 4630 5976 5547 7345 3174 8390 7258 5732 7196 7733 2321 2271 1400 2641 2210 6909 6838 7413 4680 8290 9643
29 4189 3179 9747 7982 9095 1257 4948 80 7916 1307 21 2651 3955 3456 6508 6418 4109 9659 481 9511 2515 8181 4173 5341 4681 7923 3583 5216 2582
29 3153 6425 450 9219 1961 5912 9395 9457 1532 4124 9793 564 6192 178 9609 2979 5741 1216 3976 7874 5004 1782 1900 4320 1119 378 788 2267 4916
28 681 4830 3911 8778 2253 9462 8320 2136 1549 9254 7131 2255 2852 1621 7431 3287 1225 7563 7826 3736 9206 5785 6659 1287 5937 7843 6955 3642
27 7633 3482 2557 1442 684 9909 7866 8645 4370 413 3825 4284 2859 1223 9877 6078 5614 2118 4853 3397 2377 7967 3998 1404 575 4512 7471
28 6950 7175 7329 3064 9273 4175 8933 8463 2846 5189 6918 1585 5874 8279 9588 6726 7932 4305 6777 4233 9479 8922 5728 262 2706 769 2786 2611
29 835 7418 7382 4390 702 3866 7482 970 2748 177 7835 8677 2857 7340 6829 1963 7172 8972 3085 4498 19 2861 1922 114 1277 6577 2572 637 4037
30 9106 3756 6497 1816 7481 2747 1133 1160 8000 3086 3742 1754 1935 1261 5220 8926 2631 2231 4070 7783 7160 890 8079 6579 857 8554 5466 4518 7885 2504
30 9861 4303 1556 1410 9120 8439 6985 5228 6212 3037 5502 7815 822 6085 3981 7114 361 4232 6315 1565 3445 5165 6109 5085 2376 566 9023 368 9918 1635
29 9211 3503 8919 3306 5182 5229 590 8488 9990 6630 7761 8943 5106 2019 6208 7033 2226 6963 4261 9783 7780 1534 7687 5599 6832 4291 2345 7174 8096
28 6808 9157 6754 3950 9790 4553 3297 4083 6276 2078 2986 8145 8426 914 9283 9040 5419 9922 3788 4198 9225 2978 2328 1266 1486 6821 2530 7368
29 1141 7855 5195 3322 5005 9027 7061 3489 7755 9883 7243 8907 3795 9844 9299 6282 2224 324 9480 3732 4982 5576 5792 7440 181 3041 2915 1653 9307
30 5500 5939 4088 7698 7442 1659 3847 5353 3520 261 1545 3546 8967 781 8886 1517 9197 7834 8396 3263 6529 6144 8010 7714 9253 6447 1295 6498 5473 7527
27 7148 9447 4507 7351 6073 6580 7513 7316 8289 4140 300 6025 1352 3786 6119 297 8269 9911 6219 5743 1202 3542 8535 8935 2848 7965 511
30 6440 3660 8561 9826 1066 4151 8714 740 541 2310 5935 6412 9593 6434 5162 58 5114 2658 414 2319 7083 3965 9715 9945 2884 859 2308 2119 4256 7907
28 7643 3171 7421 7744 4716 908 2673 4692 4193 5879 8147 9952 1948 2645 5191 5662 2568 6039 1426 3365 3032 3712 8112 1626 3760 8037 5991 3595
29 9858 1734 3643 3373 4227 9540 93 7592 789 1290 9908 3131 3136 6544 270 3301 3971 5236 7314 6285 7497 5710 349 6797 6818 5032 7729 2249 9799
28 4077 6785 4808 968 8445 8421 8569 8263 2832 6472 2030 1206 1128 1829 1719 938 2727 9426 3880 761 7255 4968 9819 1580 2718 617 4897 4821
29 8854 7545 7402 6363 5400 3851 3272 8249 1610 6188 4544 6449 9833 1188 2939 4335 7221 1450 7283 7646 867 1843 6281 5521 7788 6988 2380 6898 9604
28 7914 3720 4754 1139 7161 3455 3049 9238 484 3156 4691 4064 3631 7072 4748 4365 4955 2975 483 3915 6645 3739 4409 8770 4228 3197 4353 6279
28 1434 7256 476 8297 4442 2358 2295 308 3821 5568 532 4515 4215 947 8610 5642 1195 6476 5078 9578 4849 2655 9637 2559 2094 3652 6235 7134
28 5062 8383 656 5247 5263 1462 1229 9753 8687 1089 3925 5550 8721 1483 844 6611 2740 595 7964 5625 3270 1658 10 1347 4973 5054 2215 9914
29 3425 1130 3937 1983 4436 6278 1282 5587 5401 3254 9420 4223 5018 3879 1905 7615 3650 6628 7848 9083 3097 7274 6316 5571 7154 6153 5609 6240 9969
28 6781 3452 4238 5112 9454 8046 9121 4524 7202 1980 8153 8335 9769 5132 3692 5485 1611 7350 8692 1476 8354 8157 5709 4366 2938 7214 3868 537
28 7318 3902 8590 2836 5516 357 6794 7299 5396 5301 4272 9910 6999 4410 1482 917 6106 302 8156 8 5203 4569 8940 2962 5569 6397 7903 3876
27 5354 4794 6482 1863 8584 2920 3556 9660 893 2100 1163 9618 877 6338 9292 6768 2173 2662 4781 469 4176 9022 6916 8750 6883 6217 711
29 934 9718 9202 5377 2135 2218 3479 435 4194 734 7407 8815 5611 1761 3461 274 3576 1033 7495 4725 1077 1208 699 1685 517 7856 9388 9431 3767
29 2995 8090 4433 928 6620 1631 3537 4137 3745 5975 2230 4443 2044 3449 6375 8362 1571 7889 538 705 9532 8059 1953 9508 3510 8081 2616 5029 4275
27 3877 6729 9685 9956 338 9302 9571 2289 7374 6171 5701 5974 2551 2151 2219 8757 5655 1164 3093 1617 7600 2177 9962 8830 8374 4339 9481
29 3016 8372 1060 5965 4 5658 2912 8865 9439 1836 4055 1852 1166 5352 6701 8378 1598 9140 8480 1656 807 6131 8738 4265 6431 516 2291 126 2980
28 2717 957 5492 598 4976 35 7347 6854 8476 5350 8813 3849 7973 2739 9424 9507 6940 7410 1006 8735 8719 7987 3841 8567 2571 7435 8092 1773
29 6613 5130 9743 3694 3954 4250 9147 5188 9795 3711 2511 3110 7983 4992 2413 4317 802 4843 325 9530 1335 9638 6455 8323 3237 1629 7470 6587 8618
30 654 1925 8740 7384 9702 873 2053 964 2194 9339 5856 3315 8899 3011 5135 6448 6565 4164 5123 4719 9088 725 7339 2483 5946 6356 9828 6496 8265 5885
30 7320 2996 3119 34 9811 4697 4278 9456 9393 5235 620 7032 140 8775 3646 2251 3605 6334 8587 8016 4159 2222 9449 880 5158 4138 2088 4548 3059 519
29 1826 4980 9336 7929 5171 2236 704 7379 6186 871 8668 7082 1742 2686 5994 8475 9214 8702 7027 97 1775 885 4296 7717 7542 7089 4714 9882 2894
28 7674 6488 49 9884 8910 2391 3420 7046 9973 6586 3846 4092 6878 1494 9344 388 2200 905 8496 7971 7862 2117 828 8555 641 9505 6680 5638
31 9191 9890 8406 8850 5115 1197 9629 4858 7393 6535 51 7284 7059 3488 680 585 611 5590 9624 7225 9944 7627 1514 9061 8088 9924 6709 5586 7852 5930 2659
29 9189 4949 8927 5472 6150 5860 8368 5596 794 4562 7670 5036 2826 7589 3568 920 6607 1495 1941 4372 7098 9319 1019 661 4416 9705 9452 4526 2630
29 8407 5967 7979 8829 9816 4053 7375 7227 8641 6795 1233 1395 7838 3622 2967 6742 7795 803 4143 7582 9234 269 5316 809 9759 6041 3645 5851 3818
30 7277 8669 3833 2482 3612 5251 7259 5637 6538 468 525 1647 5000 6612 2817 264 131 8029 9465 5778 8021 4024 8853 9181 3459 2709 166 3366 3188 4901
29 6975 6770 4996 1809 404 4192 971 1784 8235 6572 9921 7824 3975 858 5330 4471 8190 56 5640 1823 1992 315 2784 2065 9576 127 1270 3472 1363
27 7426 3827 8227 1148 1505 2126 7361 4089 9994 7664 4243 1003 6182 6670 7778 2407 1338 6087 9746 5762 298 7287 8810 172 9383 1665 7207
27 1938 726 6935 7151 4408 9467 3439 8642 6715 5951 3490 865 7809 4776 4549 8843 1931 6528 3282 3658 9176 735 5402 4995 9071 9015 819
30 4935 9248 6765 2570 9515 2801 4298 4251 980 8477 1688 353 2705 7620 539 6904 1616 4118 1246 438 1332 4744 2503 6289 1957 5344 8891 3305 8479 2254
29 8995 5097 7871 4535 1080 7723 4302 5010 6550 4736 1668 1557 2148 6486 3061 5943 8996 3193 7628 3549 7372 3750 6771 1877 717 8776 371 283 3952
29 5057 3632 5475 3618 7798 8074 504 91 3604 5969 3487 2590 5818 3686 7588 2464 1382 2312 2299 6967 7325 9493 8344 6661 455 2275 587 2349 98
27 1472 9288 4944 3264 4910 3292 1996 1433 2624 5059 3146 7007 8094 2617 1068 6223 583 7879 6604 5807 3689 1086 692 4702 2357 9829 2528
27 9351 8246 3701 8130 2966 5867 9898 9327 8794 7108 7370 3543 4160 7310 4700 4043 7428 2208 4333 2621 8427 7734 2422 3355 3161 2585 8465
29 3883 2517 3878 1140 6925 9263 8991 1804 9182 6300 7330 546 5770 6386 3806 1063 4113 5958 4541 7262 5111 6259 3070 7019 2214 240 3931 4254 7272
29 7937 2090 4751 2940 2767 5705 1412 6902 5439 9308 7610 7466 4344 428 1838 2372 1927 8336 599 4987 3964 767 3676 6593 4490 6377 5845 7399 8799
28 660 1425 2005 4006 1421 7177 5671 8365 5739 9658 3105 2474 92 5122 6147 9564 7236 1502 4016 5094 1355 9550 7998 7289 7164 1022 9645 6537
29 3448 724 6154 5077 2736 3992 3186 33 1525 2415 4726 4728 6814 5063 4045 8871 6226 9525 5617 5605 4253 6852 876 3438 344 2703 6762 870 6730
30 5634 8183 6200 4458 3811 6005 795 8746 7915 8349 8728 1516 4440 7941 8371 2171 8882 3512 2379 6792 9401 9341 8998 783 4993 9353 3457 8978 6598 5723
27 7138 7901 3551 271 6961 5148 6464 9223 7356 4831 2083 9545 3290 6429 231 278 4814 1156 8291 1733 1357 2476 8308 2990 2776 2925 3006
28 9151 3581 9417 417 5310 931 1994 3079 743 4785 4782 1524 9365 4743 7493 7779 6621 9647 3031 1729 6880 6679 6799 4884 2567 7246 8583 5644
29 3590 9498 7496 9632 1465 1283 3019 9936 2525 3648 7472 38 2355 2014 4417 7265 9598 6079 6387 631 6346 6886 3823 316 7595 4271 2737 7123 9354
30 187 8085 2793 4318 2048 2036 792 5138 4745 5757 5045 9281 2153 3241 1314 1392 8051 6396 2886 6957 7535 9086 6917 7354 4646 3717 6311 9580 7270 9958
29 4768 5388 9441 6871 8053 4636 1203 1368 841 7097 7091 1709 8035 339 6873 5299 6146 8155 6695 9516 6458 3691 8772 3112 730 2716 7850 6656 6051
30 2150 4801 5049 3302 5668 5082 2439 3513 9851 2061 5514 3035 8931 8989 406 5006 815 4750 5567 2270 5139 6803 1814 9691 8393 6325 8895 3589 1503 411
29 3387 7511 4765 3921 1422 2746 9329 1998 9986 2937 3989 4921 4689 6010 5015 1409 5546 2564 2229 1806 9269 7686 7452 1500 5629 1509 3979 2969 4690
30 8057 3181 5069 8003 3620 7144 8293 1004 5875 8441 290 5597 9089 223 8826 5048 4669 4538 8333 2839 7373 1561 7254 5437 6751 2398 4412 2273 946 900
28 993 4236 5908 1756 1123 6027 2637 8741 7680 9260 6893 1988 832 4862 713 9794 5013 2702 6571 7786 8881 9496 8706 4008 6503 3758 7178 4188
29 7883 1035 9951 4480 5258 5144 6551 7369 9338 9442 4833 9780 8665 4603 9091 214 9276 2806 4653 9125 7904 1827 6241 113 9582 9778 3138 6561 1154
26 3611 7984 6699 8261 6876 2429 3528 1127 1304 3794 997 2033 213 1416 6977 9551 4595 6333 1438 3526 3577 2197 2844 4274 9731 8932
30 1813 9887 68 7516 7232 9549 456 4395 5748 4263 8877 5327 5661 8686 3132 2032 7558 8210 9998 7762 6549 7193 3309 6702 6260 5985 4580 4461 2016 2338
28 138 7343 5898 9804 4715 5020 7952 43 1821 111 6185 3055 2923 8332 4813 4167 8221 3113 8171 9901 5494 9682 6583 6248 4666 6008 9188 7049
28 4065 5467 5476 5483 2815 6767 343 185 7927 3304 1694 6651 9249 7388 8601 4883 3567 6724 4924 3967 5788 9210 5180 7618 5725 5787 1697 5044
29 4960 9038 446 3350 6283 7728 9961 4478 2403 7765 360 4988 334 3705 3054 5443 2714 5688 2988 342 8064 242 5558 7228 651 8077 6442 6390 3810
28 671 6001 1746 6655 4560 5797 2622 1440 4145 4638 4774 2548 2900 3199 6433 3250 4438 7210 1684 7241 8301 3980 5217 2454 3015 7478 953 3870
28 7313 5245 6493 6177 4983 606 2238 689 8150 3280 9862 6018 4218 895 369 4051 7292 6958 9171 6923 5922 8179 2812 8712 390 6960 6942 7456
28 4182 2550 1285 7969 6410 8937 851 5315 5425 9067 7213 4295 2944 7882 5378 645 6288 9611 3012 458 1018 3374 9886 616 8953 2400 1399 6596
28 3516 7337 2000 2472 3707 6822 7691 4454 8182 1218 4818 4456 6388 5379 2287 3927 5810 8827 6589 1343 3053 7501 3713 2626 1937 9398 6157 8114
28 8450 9764 2890 7636 6973 7603 738 2129 8828 7105 1189 8859 2699 8938 3034 7853 4125 7365 7064 2898 1432 3990 9450 8672 1428 6161 8768 2994
30 1769 6982 8125 276 422 215 1076 2918 7675 902 7401 1526 2948 8666 2903 3096 3677 8707 6938 5458 1159 1663 1966 4468 7647 7107 467 1928 6480 9346
29 3123 4066 1924 5553 2141 4628 6710 5759 1882 4031 1643 2325 2720 8639 4226 4477 5627 4648 9779 1940 1755 9369 8965 4927 2819 6068 6404 2561 6787
30 9321 4922 3972 1036 273 7519 3118 9803 2531 927 3887 2835 9857 3127 6137 9902 6365 8764 4244 5495 9195 5620 7092 7658 8818 3157 427 3289 1533 7820
28 5370 9957 2524 2640 3845 4530 9565 6764 2132 4062 4019 7596 3368 5230 2185 5076 4482 7141 7710 6349 5544 4000 9661 235 12 937 6639 2678
28 6570 9440 4122 5153 1597 5102 8006 9943 2142 576 7409 4564 6763 8020 7948 5373 8999 5493 8643 2449 4920 137 8838 5996 8782 9916 561 9192
30 4904 6543 1956 1037 6459 6681 1760 5916 3182 7483 1020 83 6454 4402 6060 7491 2324 8534 2660 6863 6949 6095 8102 50 8648 1209 1943 7319 2901 6216
28 4891 2648 4060 8400 540 2013 6746 7800 3427 5343 313 1215 9906 3251 2666 318 7737 9671 9867 8208 401 9331 7897 7644 2505 8959 2493 2406
29 586 816 5966 4717 5181 1681 8176 3040 8517 409 4292 8623 5694 3360 777 9024 8129 3043 744 772 3738 5902 3578 2405 6745 9099 7002 8412 3386
27 2851 9360 1040 7894 5456 605 489 4566 5406 2689 1837 7935 1695 2354 2882 4614 7129 2625 9946 2361 160 2284 5101 2691 7741 7004 6055
28 9180 5673 5608 736 780 7621 3205 3558 87 9889 4504 5791 1280 5833 9707 1488 211 4572 9566 668 9146 5155 5665 7121 4762 4516 8898 7326
28 9413 8607 548 9755 291 4165 7572 1917 8848 1007 6210 9677 5198 8807 9252 494 7829 840 4359 9026 6855 6926 25 3930 4517 8487 5365 5823
30 3873 9213 1531 8118 4529 4933 7870 9183 9954 1692 9917 8347 9216 7118 3220 4177 3939 9077 444 8230 4863 9541 3861 8647 3848 2862 5548 4257 8216 419
28 9888 4494 1712 3919 5968 4286 2058 572 7561 8458 1849 1564 6310 9081 5606 8578 3499 8425 5733 4301 4245 6733 5765 3081 20 1601 7362 1793
27 175 4349 9568 4311 837 8500 9078 7142 8588 2509 6862 8616 3923 1458 6438 9427 7181 8304 5179 2605 8163 3498 3351 7100 3074 265 4644
31 45 2446 3075 1468 5185 5109 2147 4096 9235 5302 565 5793 7334 5766 7150 8140 2278 3895 7823 370 9897 1026 1041 5011 7857 2638 8695 796 1678 6179 592
28 4119 2607 910 6032 3557 9391 6703 8718 4190 1676 1349 5963 5411 7346 700 4240 5331 4742 5099 6031 3221 1731 1790 9208 3092 8187 6061 7162
27 1048 9589 8286 5895 3898 3332 5079 6744 6236 6344 6609 1402 2314 1418 5067 4845 6353 2333 2362 4854 2002 3469 5120 121 9347 4940 7775
27 2922 1599 2785 2512 9735 6912 6634 6994 383 8974 8617 4028 6213 1661 5842 3641 299 6443 3337 5626 4537 7197 88 5936 2904 7322 8696
27 8579 2874 2971 2323 1165 9407 9107 1121 6860 4497 545 7877 4423 8762 2757 9021 812 9701 2127 433 142 9063 2294 8522 8376 8941 7555
28 8044 9727 3051 3278 3391 6485 4221 9437 2303 7784 9720 2808 1920 9414 305 6380 183 4893 3885 3569 5563 6536 3521 7220 4961 4840 145 7568

